DynamicAnimationReplacer
DynamicAnimationReplacer Loaded
Loaded database for SkyrimSE.exe version 1.5.97.0.
couldn't find actors\ambient\chicken\animations\DynamicAnimationReplacer
couldn't find actors\ambient\hare\animations\DynamicAnimationReplacer
couldn't find actors\atronachflame\animations\DynamicAnimationReplacer
couldn't find actors\atronachfrost\animations\DynamicAnimationReplacer
couldn't find actors\atronachstorm\animations\DynamicAnimationReplacer
couldn't find actors\bear\animations\DynamicAnimationReplacer
couldn't find actors\canine\animations\DynamicAnimationReplacer
couldn't find actors\canine\animations\DynamicAnimationReplacer
esp file not loaded: NewArmoury.esp
esp file not loaded: Smooth Weapon.esm
esp file not loaded: NewArmoury.esp
esp file not loaded: Smooth Weapon.esm
esp file not loaded: Smooth Weapon.esm
esp file not loaded: Smooth Weapon.esm
esp file not loaded: Smooth Weapon.esm
esp file not loaded: SkyrimSpearMechanic.esp
esp file not loaded: SkyrimSpearMechanic.esp
esp file not loaded: Smooth Weapon.esm
esp file not loaded: Smooth Weapon.esm
esp file not loaded: Smooth Weapon.esm
esp file not loaded: SkyrimSpearMechanic.esp
esp file not loaded: SkyrimSpearMechanic.esp
esp file not loaded: NewArmoury.esp
esp file not loaded: Smooth Weapon.esm
esp file not loaded: Smooth Weapon.esm
esp file not loaded: Smooth Weapon.esm
esp file not loaded: SexLabDefeat.esp
esp file not loaded: SexLabDefeat.esp
esp file not loaded: Cathedral Weathers.esp
esp file not loaded: Cathedral Weathers.esp
esp file not loaded: Vivid WeathersSE.esp
esp file not loaded: Vivid WeathersSE.esp
esp file not loaded: Vivid WeathersSE.esp
esp file not loaded: Vivid WeathersSE.esp
esp file not loaded: Vivid WeathersSE.esp
esp file not loaded: Vivid WeathersSE.esp
esp file not loaded: Vivid WeathersSE.esp
esp file not loaded: Vivid WeathersSE.esp
esp file not loaded: Vivid WeathersSE.esp
esp file not loaded: Vivid WeathersSE.esp
esp file not loaded: Vivid WeathersSE.esp
esp file not loaded: Vivid WeathersSE.esp
esp file not loaded: Vivid WeathersSE.esp
esp file not loaded: Vivid WeathersSE.esp
esp file not loaded: Vivid WeathersSE.esp
esp file not loaded: Vivid WeathersSE.esp
esp file not loaded: Vivid WeathersSE.esp
esp file not loaded: Vivid WeathersSE.esp
esp file not loaded: Vivid WeathersSE.esp
esp file not loaded: Vivid WeathersSE.esp
esp file not loaded: Vivid WeathersSE.esp
esp file not loaded: ClimatesOfTamriel.esp
esp file not loaded: ClimatesOfTamriel.esp
esp file not loaded: ClimatesOfTamriel.esp
esp file not loaded: ClimatesOfTamriel.esp
esp file not loaded: ClimatesOfTamriel.esp
esp file not loaded: ClimatesOfTamriel.esp
esp file not loaded: ClimatesOfTamriel.esp
esp file not loaded: ClimatesOfTamriel.esp
esp file not loaded: ClimatesOfTamriel.esp
esp file not loaded: ClimatesOfTamriel.esp
esp file not loaded: ClimatesOfTamriel.esp
esp file not loaded: ClimatesOfTamriel.esp
esp file not loaded: ClimatesOfTamriel.esp
esp file not loaded: ClimatesOfTamriel.esp
esp file not loaded: ClimatesOfTamriel.esp
esp file not loaded: ClimatesOfTamriel.esp
esp file not loaded: ClimatesOfTamriel.esp
esp file not loaded: Haze-WeatherSeasonsAtmosphere.esp
esp file not loaded: Haze-WeatherSeasonsAtmosphere.esp
esp file not loaded: Haze-WeatherSeasonsAtmosphere.esp
esp file not loaded: Haze-WeatherSeasonsAtmosphere.esp
esp file not loaded: Haze-WeatherSeasonsAtmosphere.esp
esp file not loaded: Haze-WeatherSeasonsAtmosphere.esp
esp file not loaded: Haze-WeatherSeasonsAtmosphere.esp
esp file not loaded: Haze-WeatherSeasonsAtmosphere.esp
esp file not loaded: Haze-WeatherSeasonsAtmosphere.esp
esp file not loaded: Haze-WeatherSeasonsAtmosphere.esp
esp file not loaded: Haze-WeatherSeasonsAtmosphere.esp
esp file not loaded: Haze-WeatherSeasonsAtmosphere.esp
esp file not loaded: Haze-WeatherSeasonsAtmosphere.esp
esp file not loaded: Haze-WeatherSeasonsAtmosphere.esp
esp file not loaded: Haze-WeatherSeasonsAtmosphere.esp
esp file not loaded: Haze-WeatherSeasonsAtmosphere.esp
esp file not loaded: Haze-WeatherSeasonsAtmosphere.esp
esp file not loaded: Haze-WeatherSeasonsAtmosphere.esp
esp file not loaded: Haze-WeatherSeasonsAtmosphere.esp
esp file not loaded: Haze-WeatherSeasonsAtmosphere.esp
esp file not loaded: TrueStorms.esp
esp file not loaded: TrueStorms.esp
esp file not loaded: Cathedral Weathers.esp
esp file not loaded: Cathedral Weathers.esp
esp file not loaded: Cathedral Weathers.esp
esp file not loaded: Vivid WeathersSE.esp
esp file not loaded: Vivid WeathersSE.esp
esp file not loaded: Vivid WeathersSE.esp
esp file not loaded: Vivid WeathersSE.esp
esp file not loaded: Vivid WeathersSE.esp
esp file not loaded: Vivid WeathersSE.esp
esp file not loaded: Vivid WeathersSE.esp
esp file not loaded: Vivid WeathersSE.esp
esp file not loaded: Vivid WeathersSE.esp
esp file not loaded: Vivid WeathersSE.esp
esp file not loaded: Vivid WeathersSE.esp
esp file not loaded: Vivid WeathersSE.esp
esp file not loaded: Vivid WeathersSE.esp
esp file not loaded: Vivid WeathersSE.esp
esp file not loaded: Vivid WeathersSE.esp
esp file not loaded: Vivid WeathersSE.esp
esp file not loaded: Vivid WeathersSE.esp
esp file not loaded: Haze-WeatherSeasonsAtmosphere.esp
esp file not loaded: Haze-WeatherSeasonsAtmosphere.esp
esp file not loaded: Haze-WeatherSeasonsAtmosphere.esp
esp file not loaded: Haze-WeatherSeasonsAtmosphere.esp
esp file not loaded: Haze-WeatherSeasonsAtmosphere.esp
esp file not loaded: Haze-WeatherSeasonsAtmosphere.esp
esp file not loaded: Haze-WeatherSeasonsAtmosphere.esp
esp file not loaded: Mythical Ages.esp
esp file not loaded: Mythical Ages.esp
esp file not loaded: ClimatesOfTamriel.esp
esp file not loaded: ClimatesOfTamriel.esp
esp file not loaded: ClimatesOfTamriel.esp
esp file not loaded: ClimatesOfTamriel.esp
esp file not loaded: ClimatesOfTamriel.esp
esp file not loaded: ClimatesOfTamriel.esp
esp file not loaded: ClimatesOfTamriel.esp
esp file not loaded: Frostbite.esp
esp file not loaded: Frostbite.esp
esp file not loaded: Frostbite.esp
esp file not loaded: Frostbite.esp
esp file not loaded: Frostbite.esp
esp file not loaded: Frostbite.esp
esp file not loaded: SexLabDefeat.esp
esp file not loaded: SexLabDefeat.esp
esp file not loaded: Cathedral Weathers.esp
esp file not loaded: Cathedral Weathers.esp
esp file not loaded: Vivid WeathersSE.esp
esp file not loaded: Vivid WeathersSE.esp
esp file not loaded: Vivid WeathersSE.esp
esp file not loaded: Vivid WeathersSE.esp
esp file not loaded: Vivid WeathersSE.esp
esp file not loaded: Vivid WeathersSE.esp
esp file not loaded: Vivid WeathersSE.esp
esp file not loaded: Vivid WeathersSE.esp
esp file not loaded: Vivid WeathersSE.esp
esp file not loaded: Vivid WeathersSE.esp
esp file not loaded: Vivid WeathersSE.esp
esp file not loaded: Vivid WeathersSE.esp
esp file not loaded: Vivid WeathersSE.esp
esp file not loaded: Vivid WeathersSE.esp
esp file not loaded: Vivid WeathersSE.esp
esp file not loaded: Vivid WeathersSE.esp
esp file not loaded: Vivid WeathersSE.esp
esp file not loaded: Vivid WeathersSE.esp
esp file not loaded: Vivid WeathersSE.esp
esp file not loaded: Vivid WeathersSE.esp
esp file not loaded: Vivid WeathersSE.esp
esp file not loaded: ClimatesOfTamriel.esp
esp file not loaded: ClimatesOfTamriel.esp
esp file not loaded: ClimatesOfTamriel.esp
esp file not loaded: ClimatesOfTamriel.esp
esp file not loaded: ClimatesOfTamriel.esp
esp file not loaded: ClimatesOfTamriel.esp
esp file not loaded: ClimatesOfTamriel.esp
esp file not loaded: ClimatesOfTamriel.esp
esp file not loaded: ClimatesOfTamriel.esp
esp file not loaded: ClimatesOfTamriel.esp
esp file not loaded: ClimatesOfTamriel.esp
esp file not loaded: ClimatesOfTamriel.esp
esp file not loaded: ClimatesOfTamriel.esp
esp file not loaded: ClimatesOfTamriel.esp
esp file not loaded: ClimatesOfTamriel.esp
esp file not loaded: ClimatesOfTamriel.esp
esp file not loaded: ClimatesOfTamriel.esp
esp file not loaded: Haze-WeatherSeasonsAtmosphere.esp
esp file not loaded: Haze-WeatherSeasonsAtmosphere.esp
esp file not loaded: Haze-WeatherSeasonsAtmosphere.esp
esp file not loaded: Haze-WeatherSeasonsAtmosphere.esp
esp file not loaded: Haze-WeatherSeasonsAtmosphere.esp
esp file not loaded: Haze-WeatherSeasonsAtmosphere.esp
esp file not loaded: Haze-WeatherSeasonsAtmosphere.esp
esp file not loaded: Haze-WeatherSeasonsAtmosphere.esp
esp file not loaded: Haze-WeatherSeasonsAtmosphere.esp
esp file not loaded: Haze-WeatherSeasonsAtmosphere.esp
esp file not loaded: Haze-WeatherSeasonsAtmosphere.esp
esp file not loaded: Haze-WeatherSeasonsAtmosphere.esp
esp file not loaded: Haze-WeatherSeasonsAtmosphere.esp
esp file not loaded: Haze-WeatherSeasonsAtmosphere.esp
esp file not loaded: Haze-WeatherSeasonsAtmosphere.esp
esp file not loaded: Haze-WeatherSeasonsAtmosphere.esp
esp file not loaded: Haze-WeatherSeasonsAtmosphere.esp
esp file not loaded: Haze-WeatherSeasonsAtmosphere.esp
esp file not loaded: Haze-WeatherSeasonsAtmosphere.esp
esp file not loaded: Haze-WeatherSeasonsAtmosphere.esp
esp file not loaded: TrueStorms.esp
esp file not loaded: TrueStorms.esp
esp file not loaded: Cathedral Weathers.esp
esp file not loaded: Cathedral Weathers.esp
esp file not loaded: Cathedral Weathers.esp
esp file not loaded: Vivid WeathersSE.esp
esp file not loaded: Vivid WeathersSE.esp
esp file not loaded: Vivid WeathersSE.esp
esp file not loaded: Vivid WeathersSE.esp
esp file not loaded: Vivid WeathersSE.esp
esp file not loaded: Vivid WeathersSE.esp
esp file not loaded: Vivid WeathersSE.esp
esp file not loaded: Vivid WeathersSE.esp
esp file not loaded: Vivid WeathersSE.esp
esp file not loaded: Vivid WeathersSE.esp
esp file not loaded: Vivid WeathersSE.esp
esp file not loaded: Vivid WeathersSE.esp
esp file not loaded: Vivid WeathersSE.esp
esp file not loaded: Vivid WeathersSE.esp
esp file not loaded: Vivid WeathersSE.esp
esp file not loaded: Vivid WeathersSE.esp
esp file not loaded: Vivid WeathersSE.esp
esp file not loaded: Haze-WeatherSeasonsAtmosphere.esp
esp file not loaded: Haze-WeatherSeasonsAtmosphere.esp
esp file not loaded: Haze-WeatherSeasonsAtmosphere.esp
esp file not loaded: Haze-WeatherSeasonsAtmosphere.esp
esp file not loaded: Haze-WeatherSeasonsAtmosphere.esp
esp file not loaded: Haze-WeatherSeasonsAtmosphere.esp
esp file not loaded: Haze-WeatherSeasonsAtmosphere.esp
esp file not loaded: Mythical Ages.esp
esp file not loaded: Mythical Ages.esp
esp file not loaded: ClimatesOfTamriel.esp
esp file not loaded: ClimatesOfTamriel.esp
esp file not loaded: ClimatesOfTamriel.esp
esp file not loaded: ClimatesOfTamriel.esp
esp file not loaded: ClimatesOfTamriel.esp
esp file not loaded: ClimatesOfTamriel.esp
esp file not loaded: ClimatesOfTamriel.esp
esp file not loaded: Frostbite.esp
esp file not loaded: Frostbite.esp
esp file not loaded: Frostbite.esp
esp file not loaded: Frostbite.esp
esp file not loaded: Frostbite.esp
esp file not loaded: Frostbite.esp
esp file not loaded: Smooth Weapon.esm
esp file not loaded: NewArmoury.esp
esp file not loaded: Smooth Weapon.esm
esp file not loaded: NewArmoury.esp
esp file not loaded: Smooth Weapon.esm
esp file not loaded: NewArmoury.esp
esp file not loaded: ArousedRedux.esm
esp file not loaded: ArousedRedux.esm
esp file not loaded: ArousedRedux.esm
esp file not loaded: ArousedRedux.esm
esp file not loaded: ArousedRedux.esm
esp file not loaded: ArousedRedux.esm
esp file not loaded: ArousedRedux.esm
esp file not loaded: ArousedRedux.esm
esp file not loaded: ArousedRedux.esm
esp file not loaded: ArousedRedux.esm
esp file not loaded: ArousedRedux.esm
esp file not loaded: ArousedRedux.esm
esp file not loaded: ArousedRedux.esm
esp file not loaded: ArousedRedux.esm
esp file not loaded: Combo Attacks SE.esp
esp file not loaded: Combo Attacks SE.esp
esp file not loaded: Smooth Weapon.esm
esp file not loaded: NewArmoury.esp
esp file not loaded: Smooth Weapon.esm
esp file not loaded: NewArmoury.esp
esp file not loaded: Smooth Weapon.esm
esp file not loaded: NewArmoury.esp
esp file not loaded: Smooth Weapon.esm
esp file not loaded: NewArmoury.esp
esp file not loaded: Smooth Weapon.esm
esp file not loaded: Smooth Weapon.esm
esp file not loaded: NewArmoury.esp
esp file not loaded: Smooth Weapon.esm
esp file not loaded: Smooth Weapon.esm
esp file not loaded: NewArmoury.esp
esp file not loaded: Smooth Weapon.esm
esp file not loaded: Smooth Weapon.esm
esp file not loaded: NewArmoury.esp
esp file not loaded: Smooth Weapon.esm
esp file not loaded: Smooth Weapon.esm
esp file not loaded: NewArmoury.esp
esp file not loaded: Smooth Weapon.esm
esp file not loaded: Smooth Weapon.esm
esp file not loaded: NewArmoury.esp
esp file not loaded: Smooth Weapon.esm
esp file not loaded: Smooth Weapon.esm
esp file not loaded: Smooth Weapon.esm
esp file not loaded: NewArmoury.esp
esp file not loaded: Smooth Weapon.esm
esp file not loaded: Smooth Weapon.esm
esp file not loaded: NewArmoury.esp
esp file not loaded: Smooth Weapon.esm
esp file not loaded: NewArmoury.esp
esp file not loaded: Smooth Weapon.esm
esp file not loaded: NewArmoury.esp
esp file not loaded: Smooth Weapon.esm
esp file not loaded: NewArmoury.esp
esp file not loaded: Smooth Weapon.esm
esp file not loaded: NewArmoury.esp
esp file not loaded: Smooth Weapon.esm
esp file not loaded: NewArmoury.esp
esp file not loaded: Smooth Weapon.esm
esp file not loaded: NewArmoury.esp
esp file not loaded: Smooth Weapon.esm
esp file not loaded: NewArmoury.esp
esp file not loaded: Smooth Weapon.esm
esp file not loaded: NewArmoury.esp
esp file not loaded: Smooth Weapon.esm
esp file not loaded: Smooth Weapon.esm
esp file not loaded: NewArmoury.esp
esp file not loaded: NewArmoury.esp
esp file not loaded: Smooth Weapon.esm
esp file not loaded: Smooth Weapon.esm
esp file not loaded: NewArmoury.esp
esp file not loaded: NewArmoury.esp
esp file not loaded: Smooth Weapon.esm
esp file not loaded: Smooth Weapon.esm
esp file not loaded: NewArmoury.esp
esp file not loaded: NewArmoury.esp
esp file not loaded: Smooth Weapon.esm
esp file not loaded: Smooth Weapon.esm
esp file not loaded: NewArmoury.esp
esp file not loaded: NewArmoury.esp
esp file not loaded: Smooth Weapon.esm
esp file not loaded: Smooth Weapon.esm
esp file not loaded: NewArmoury.esp
esp file not loaded: NewArmoury.esp
esp file not loaded: Smooth Weapon.esm
esp file not loaded: NewArmoury.esp
esp file not loaded: Smooth Weapon.esm
esp file not loaded: Smooth Weapon.esm
esp file not loaded: Smooth Weapon.esm
esp file not loaded: NewArmoury.esp
esp file not loaded: NewArmoury.esp
esp file not loaded: Smooth Weapon.esm
esp file not loaded: NewArmoury.esp
esp file not loaded: Smooth Weapon.esm
esp file not loaded: Smooth Weapon.esm
esp file not loaded: Smooth Weapon.esm
esp file not loaded: NewArmoury.esp
esp file not loaded: NewArmoury.esp
esp file not loaded: Smooth Weapon.esm
esp file not loaded: Smooth Weapon.esm
esp file not loaded: NewArmoury.esp
esp file not loaded: Combo Attacks SE.esp
esp file not loaded: Combo Attacks SE.esp
esp file not loaded: NewArmoury.esp
esp file not loaded: NewArmoury.esp
esp file not loaded: NewArmoury.esp
esp file not loaded: NewArmoury.esp
esp file not loaded: NewArmoury.esp
esp file not loaded: NewArmoury.esp
esp file not loaded: NewArmoury.esp
esp file not loaded: NewArmoury.esp
esp file not loaded: NewArmoury.esp
esp file not loaded: NewArmoury.esp
esp file not loaded: NewArmoury.esp
esp file not loaded: NewArmoury.esp
esp file not loaded: NewArmoury.esp
esp file not loaded: NewArmoury.esp
esp file not loaded: NewArmoury.esp
esp file not loaded: NewArmoury.esp
esp file not loaded: NewArmoury.esp
esp file not loaded: NewArmoury.esp
esp file not loaded: NewArmoury.esp
esp file not loaded: NewArmoury.esp
esp file not loaded: NewArmoury.esp
esp file not loaded: NewArmoury.esp
esp file not loaded: NewArmoury.esp
esp file not loaded: NewArmoury.esp
esp file not loaded: NewArmoury.esp
esp file not loaded: NewArmoury.esp
esp file not loaded: NewArmoury.esp
esp file not loaded: NewArmoury.esp
esp file not loaded: NewArmoury.esp
esp file not loaded: NewArmoury.esp
esp file not loaded: NewArmoury.esp
esp file not loaded: NewArmoury.esp
esp file not loaded: NewArmoury.esp
esp file not loaded: NewArmoury.esp
esp file not loaded: NewArmoury.esp
esp file not loaded: NewArmoury.esp
esp file not loaded: NewArmoury.esp
esp file not loaded: NewArmoury.esp
esp file not loaded: NewArmoury.esp
esp file not loaded: NewArmoury.esp
esp file not loaded: Smooth Weapon.esm
esp file not loaded: Smooth Weapon.esm
esp file not loaded: Smooth Weapon.esm
esp file not loaded: Smooth Weapon.esm
esp file not loaded: NewArmoury.esp
esp file not loaded: Smooth Weapon.esm
esp file not loaded: Smooth Weapon.esm
esp file not loaded: Smooth Weapon.esm
esp file not loaded: NewArmoury.esp
esp file not loaded: NewArmoury.esp
esp file not loaded: Smooth Weapon.esm
esp file not loaded: Smooth Weapon.esm
esp file not loaded: Smooth Weapon.esm
esp file not loaded: NewArmoury.esp
esp file not loaded: NewArmoury.esp
esp file not loaded: Smooth Weapon.esm
esp file not loaded: Smooth Weapon.esm
esp file not loaded: NewArmoury.esp
esp file not loaded: Smooth Weapon.esm
esp file not loaded: Smooth Weapon.esm
esp file not loaded: NewArmoury.esp
esp file not loaded: NewArmoury.esp
esp file not loaded: Smooth Weapon.esm
esp file not loaded: Smooth Weapon.esm
esp file not loaded: NewArmoury.esp
esp file not loaded: Smooth Weapon.esm
esp file not loaded: Smooth Weapon.esm
esp file not loaded: Smooth Weapon.esm
esp file not loaded: NewArmoury.esp
esp file not loaded: NewArmoury.esp
esp file not loaded: Smooth Weapon.esm
esp file not loaded: Smooth Weapon.esm
esp file not loaded: Smooth Weapon.esm
esp file not loaded: Smooth Weapon.esm
esp file not loaded: Smooth Weapon.esm
esp file not loaded: NewArmoury.esp
esp file not loaded: NewArmoury.esp
esp file not loaded: NewArmoury.esp
esp file not loaded: Smooth Weapon.esm
esp file not loaded: NewArmoury.esp
esp file not loaded: Smooth Weapon.esm
esp file not loaded: NewArmoury.esp
esp file not loaded: Smooth Weapon.esm
esp file not loaded: NewArmoury.esp
esp file not loaded: Smooth Weapon.esm
esp file not loaded: Smooth Weapon.esm
esp file not loaded: Smooth Weapon.esm
esp file not loaded: Smooth Weapon.esm
esp file not loaded: Smooth Weapon.esm
esp file not loaded: NewArmoury.esp
esp file not loaded: Smooth Weapon.esm
esp file not loaded: Smooth Weapon.esm
esp file not loaded: NewArmoury.esp
esp file not loaded: Smooth Weapon.esm
esp file not loaded: Smooth Weapon.esm
esp file not loaded: NewArmoury.esp
esp file not loaded: NewArmoury.esp
esp file not loaded: Smooth Weapon.esm
esp file not loaded: Smooth Weapon.esm
esp file not loaded: NewArmoury.esp
esp file not loaded: Smooth Weapon.esm
esp file not loaded: NewArmoury.esp
esp file not loaded: Smooth Weapon.esm
esp file not loaded: NewArmoury.esp
esp file not loaded: Smooth Weapon.esm
esp file not loaded: SkyrimSpearMechanic.esp
esp file not loaded: Smooth Weapon.esm
esp file not loaded: SkyrimSpearMechanic.esp
esp file not loaded: Smooth Weapon.esm
esp file not loaded: Smooth Weapon.esm
esp file not loaded: NewArmoury.esp
esp file not loaded: Smooth Weapon.esm
esp file not loaded: Smooth Weapon.esm
esp file not loaded: NewArmoury.esp
esp file not loaded: Smooth Weapon.esm
esp file not loaded: NewArmoury.esp
esp file not loaded: Smooth Weapon.esm
esp file not loaded: NewArmoury.esp
esp file not loaded: Smooth Weapon.esm
esp file not loaded: SkyrimSpearMechanic.esp
esp file not loaded: Smooth Weapon.esm
esp file not loaded: SkyrimSpearMechanic.esp
esp file not loaded: Smooth Weapon.esm
esp file not loaded: Smooth Weapon.esm
esp file not loaded: NewArmoury.esp
esp file not loaded: Smooth Weapon.esm
esp file not loaded: Smooth Weapon.esm
esp file not loaded: NewArmoury.esp
esp file not loaded: Smooth Weapon.esm
esp file not loaded: NewArmoury.esp
esp file not loaded: Smooth Weapon.esm
esp file not loaded: NewArmoury.esp
esp file not loaded: Smooth Weapon.esm
esp file not loaded: SkyrimSpearMechanic.esp
esp file not loaded: Smooth Weapon.esm
esp file not loaded: SkyrimSpearMechanic.esp
esp file not loaded: Smooth Weapon.esm
esp file not loaded: Smooth Weapon.esm
esp file not loaded: NewArmoury.esp
esp file not loaded: Smooth Weapon.esm
esp file not loaded: Smooth Weapon.esm
esp file not loaded: NewArmoury.esp
esp file not loaded: Smooth Weapon.esm
esp file not loaded: NewArmoury.esp
esp file not loaded: Smooth Weapon.esm
esp file not loaded: NewArmoury.esp
esp file not loaded: Smooth Weapon.esm
esp file not loaded: SkyrimSpearMechanic.esp
esp file not loaded: Smooth Weapon.esm
esp file not loaded: SkyrimSpearMechanic.esp
esp file not loaded: Smooth Weapon.esm
esp file not loaded: Smooth Weapon.esm
esp file not loaded: NewArmoury.esp
esp file not loaded: Smooth Weapon.esm
esp file not loaded: Smooth Weapon.esm
esp file not loaded: NewArmoury.esp
esp file not loaded: Smooth Weapon.esm
esp file not loaded: NewArmoury.esp
esp file not loaded: Smooth Weapon.esm
esp file not loaded: NewArmoury.esp
esp file not loaded: Smooth Weapon.esm
esp file not loaded: SkyrimSpearMechanic.esp
esp file not loaded: Smooth Weapon.esm
esp file not loaded: SkyrimSpearMechanic.esp
esp file not loaded: Smooth Weapon.esm
esp file not loaded: Smooth Weapon.esm
esp file not loaded: NewArmoury.esp
esp file not loaded: Smooth Weapon.esm
esp file not loaded: Smooth Weapon.esm
esp file not loaded: NewArmoury.esp
esp file not loaded: Smooth Weapon.esm
esp file not loaded: NewArmoury.esp
esp file not loaded: Smooth Weapon.esm
esp file not loaded: NewArmoury.esp
esp file not loaded: Smooth Weapon.esm
esp file not loaded: SkyrimSpearMechanic.esp
esp file not loaded: Smooth Weapon.esm
esp file not loaded: SkyrimSpearMechanic.esp
esp file not loaded: Smooth Weapon.esm
esp file not loaded: Smooth Weapon.esm
esp file not loaded: NewArmoury.esp
esp file not loaded: Smooth Weapon.esm
esp file not loaded: Smooth Weapon.esm
esp file not loaded: NewArmoury.esp
esp file not loaded: Smooth Weapon.esm
esp file not loaded: NewArmoury.esp
esp file not loaded: Smooth Weapon.esm
esp file not loaded: NewArmoury.esp
esp file not loaded: Smooth Weapon.esm
esp file not loaded: SkyrimSpearMechanic.esp
esp file not loaded: Smooth Weapon.esm
esp file not loaded: SkyrimSpearMechanic.esp
esp file not loaded: Smooth Weapon.esm
esp file not loaded: Smooth Weapon.esm
esp file not loaded: NewArmoury.esp
esp file not loaded: Smooth Weapon.esm
esp file not loaded: NewArmoury.esp
esp file not loaded: Smooth Weapon.esm
esp file not loaded: Smooth Weapon.esm
esp file not loaded: Smooth Weapon.esm
esp file not loaded: Smooth Weapon.esm
esp file not loaded: SkyrimSpearMechanic.esp
esp file not loaded: SkyrimSpearMechanic.esp
esp file not loaded: Smooth Weapon.esm
esp file not loaded: Smooth Weapon.esm
esp file not loaded: Smooth Weapon.esm
esp file not loaded: SkyrimSpearMechanic.esp
esp file not loaded: SkyrimSpearMechanic.esp
esp file not loaded: NewArmoury.esp
esp file not loaded: Smooth Weapon.esm
esp file not loaded: Smooth Weapon.esm
esp file not loaded: Smooth Weapon.esm
esp file not loaded: SexLabDefeat.esp
esp file not loaded: SexLabDefeat.esp
esp file not loaded: Cathedral Weathers.esp
esp file not loaded: Cathedral Weathers.esp
esp file not loaded: Vivid WeathersSE.esp
esp file not loaded: Vivid WeathersSE.esp
esp file not loaded: Vivid WeathersSE.esp
esp file not loaded: Vivid WeathersSE.esp
esp file not loaded: Vivid WeathersSE.esp
esp file not loaded: Vivid WeathersSE.esp
esp file not loaded: Vivid WeathersSE.esp
esp file not loaded: Vivid WeathersSE.esp
esp file not loaded: Vivid WeathersSE.esp
esp file not loaded: Vivid WeathersSE.esp
esp file not loaded: Vivid WeathersSE.esp
esp file not loaded: Vivid WeathersSE.esp
esp file not loaded: Vivid WeathersSE.esp
esp file not loaded: Vivid WeathersSE.esp
esp file not loaded: Vivid WeathersSE.esp
esp file not loaded: Vivid WeathersSE.esp
esp file not loaded: Vivid WeathersSE.esp
esp file not loaded: Vivid WeathersSE.esp
esp file not loaded: Vivid WeathersSE.esp
esp file not loaded: Vivid WeathersSE.esp
esp file not loaded: Vivid WeathersSE.esp
esp file not loaded: ClimatesOfTamriel.esp
esp file not loaded: ClimatesOfTamriel.esp
esp file not loaded: ClimatesOfTamriel.esp
esp file not loaded: ClimatesOfTamriel.esp
esp file not loaded: ClimatesOfTamriel.esp
esp file not loaded: ClimatesOfTamriel.esp
esp file not loaded: ClimatesOfTamriel.esp
esp file not loaded: ClimatesOfTamriel.esp
esp file not loaded: ClimatesOfTamriel.esp
esp file not loaded: ClimatesOfTamriel.esp
esp file not loaded: ClimatesOfTamriel.esp
esp file not loaded: ClimatesOfTamriel.esp
esp file not loaded: ClimatesOfTamriel.esp
esp file not loaded: ClimatesOfTamriel.esp
esp file not loaded: ClimatesOfTamriel.esp
esp file not loaded: ClimatesOfTamriel.esp
esp file not loaded: ClimatesOfTamriel.esp
esp file not loaded: Haze-WeatherSeasonsAtmosphere.esp
esp file not loaded: Haze-WeatherSeasonsAtmosphere.esp
esp file not loaded: Haze-WeatherSeasonsAtmosphere.esp
esp file not loaded: Haze-WeatherSeasonsAtmosphere.esp
esp file not loaded: Haze-WeatherSeasonsAtmosphere.esp
esp file not loaded: Haze-WeatherSeasonsAtmosphere.esp
esp file not loaded: Haze-WeatherSeasonsAtmosphere.esp
esp file not loaded: Haze-WeatherSeasonsAtmosphere.esp
esp file not loaded: Haze-WeatherSeasonsAtmosphere.esp
esp file not loaded: Haze-WeatherSeasonsAtmosphere.esp
esp file not loaded: Haze-WeatherSeasonsAtmosphere.esp
esp file not loaded: Haze-WeatherSeasonsAtmosphere.esp
esp file not loaded: Haze-WeatherSeasonsAtmosphere.esp
esp file not loaded: Haze-WeatherSeasonsAtmosphere.esp
esp file not loaded: Haze-WeatherSeasonsAtmosphere.esp
esp file not loaded: Haze-WeatherSeasonsAtmosphere.esp
esp file not loaded: Haze-WeatherSeasonsAtmosphere.esp
esp file not loaded: Haze-WeatherSeasonsAtmosphere.esp
esp file not loaded: Haze-WeatherSeasonsAtmosphere.esp
esp file not loaded: Haze-WeatherSeasonsAtmosphere.esp
esp file not loaded: TrueStorms.esp
esp file not loaded: TrueStorms.esp
esp file not loaded: Cathedral Weathers.esp
esp file not loaded: Cathedral Weathers.esp
esp file not loaded: Cathedral Weathers.esp
esp file not loaded: Vivid WeathersSE.esp
esp file not loaded: Vivid WeathersSE.esp
esp file not loaded: Vivid WeathersSE.esp
esp file not loaded: Vivid WeathersSE.esp
esp file not loaded: Vivid WeathersSE.esp
esp file not loaded: Vivid WeathersSE.esp
esp file not loaded: Vivid WeathersSE.esp
esp file not loaded: Vivid WeathersSE.esp
esp file not loaded: Vivid WeathersSE.esp
esp file not loaded: Vivid WeathersSE.esp
esp file not loaded: Vivid WeathersSE.esp
esp file not loaded: Vivid WeathersSE.esp
esp file not loaded: Vivid WeathersSE.esp
esp file not loaded: Vivid WeathersSE.esp
esp file not loaded: Vivid WeathersSE.esp
esp file not loaded: Vivid WeathersSE.esp
esp file not loaded: Vivid WeathersSE.esp
esp file not loaded: Haze-WeatherSeasonsAtmosphere.esp
esp file not loaded: Haze-WeatherSeasonsAtmosphere.esp
esp file not loaded: Haze-WeatherSeasonsAtmosphere.esp
esp file not loaded: Haze-WeatherSeasonsAtmosphere.esp
esp file not loaded: Haze-WeatherSeasonsAtmosphere.esp
esp file not loaded: Haze-WeatherSeasonsAtmosphere.esp
esp file not loaded: Haze-WeatherSeasonsAtmosphere.esp
esp file not loaded: Mythical Ages.esp
esp file not loaded: Mythical Ages.esp
esp file not loaded: ClimatesOfTamriel.esp
esp file not loaded: ClimatesOfTamriel.esp
esp file not loaded: ClimatesOfTamriel.esp
esp file not loaded: ClimatesOfTamriel.esp
esp file not loaded: ClimatesOfTamriel.esp
esp file not loaded: ClimatesOfTamriel.esp
esp file not loaded: ClimatesOfTamriel.esp
esp file not loaded: Frostbite.esp
esp file not loaded: Frostbite.esp
esp file not loaded: Frostbite.esp
esp file not loaded: Frostbite.esp
esp file not loaded: Frostbite.esp
esp file not loaded: Frostbite.esp
esp file not loaded: SexLabDefeat.esp
esp file not loaded: SexLabDefeat.esp
esp file not loaded: Cathedral Weathers.esp
esp file not loaded: Cathedral Weathers.esp
esp file not loaded: Vivid WeathersSE.esp
esp file not loaded: Vivid WeathersSE.esp
esp file not loaded: Vivid WeathersSE.esp
esp file not loaded: Vivid WeathersSE.esp
esp file not loaded: Vivid WeathersSE.esp
esp file not loaded: Vivid WeathersSE.esp
esp file not loaded: Vivid WeathersSE.esp
esp file not loaded: Vivid WeathersSE.esp
esp file not loaded: Vivid WeathersSE.esp
esp file not loaded: Vivid WeathersSE.esp
esp file not loaded: Vivid WeathersSE.esp
esp file not loaded: Vivid WeathersSE.esp
esp file not loaded: Vivid WeathersSE.esp
esp file not loaded: Vivid WeathersSE.esp
esp file not loaded: Vivid WeathersSE.esp
esp file not loaded: Vivid WeathersSE.esp
esp file not loaded: Vivid WeathersSE.esp
esp file not loaded: Vivid WeathersSE.esp
esp file not loaded: Vivid WeathersSE.esp
esp file not loaded: Vivid WeathersSE.esp
esp file not loaded: Vivid WeathersSE.esp
esp file not loaded: ClimatesOfTamriel.esp
esp file not loaded: ClimatesOfTamriel.esp
esp file not loaded: ClimatesOfTamriel.esp
esp file not loaded: ClimatesOfTamriel.esp
esp file not loaded: ClimatesOfTamriel.esp
esp file not loaded: ClimatesOfTamriel.esp
esp file not loaded: ClimatesOfTamriel.esp
esp file not loaded: ClimatesOfTamriel.esp
esp file not loaded: ClimatesOfTamriel.esp
esp file not loaded: ClimatesOfTamriel.esp
esp file not loaded: ClimatesOfTamriel.esp
esp file not loaded: ClimatesOfTamriel.esp
esp file not loaded: ClimatesOfTamriel.esp
esp file not loaded: ClimatesOfTamriel.esp
esp file not loaded: ClimatesOfTamriel.esp
esp file not loaded: ClimatesOfTamriel.esp
esp file not loaded: ClimatesOfTamriel.esp
esp file not loaded: Haze-WeatherSeasonsAtmosphere.esp
esp file not loaded: Haze-WeatherSeasonsAtmosphere.esp
esp file not loaded: Haze-WeatherSeasonsAtmosphere.esp
esp file not loaded: Haze-WeatherSeasonsAtmosphere.esp
esp file not loaded: Haze-WeatherSeasonsAtmosphere.esp
esp file not loaded: Haze-WeatherSeasonsAtmosphere.esp
esp file not loaded: Haze-WeatherSeasonsAtmosphere.esp
esp file not loaded: Haze-WeatherSeasonsAtmosphere.esp
esp file not loaded: Haze-WeatherSeasonsAtmosphere.esp
esp file not loaded: Haze-WeatherSeasonsAtmosphere.esp
esp file not loaded: Haze-WeatherSeasonsAtmosphere.esp
esp file not loaded: Haze-WeatherSeasonsAtmosphere.esp
esp file not loaded: Haze-WeatherSeasonsAtmosphere.esp
esp file not loaded: Haze-WeatherSeasonsAtmosphere.esp
esp file not loaded: Haze-WeatherSeasonsAtmosphere.esp
esp file not loaded: Haze-WeatherSeasonsAtmosphere.esp
esp file not loaded: Haze-WeatherSeasonsAtmosphere.esp
esp file not loaded: Haze-WeatherSeasonsAtmosphere.esp
esp file not loaded: Haze-WeatherSeasonsAtmosphere.esp
esp file not loaded: Haze-WeatherSeasonsAtmosphere.esp
esp file not loaded: TrueStorms.esp
esp file not loaded: TrueStorms.esp
esp file not loaded: Cathedral Weathers.esp
esp file not loaded: Cathedral Weathers.esp
esp file not loaded: Cathedral Weathers.esp
esp file not loaded: Vivid WeathersSE.esp
esp file not loaded: Vivid WeathersSE.esp
esp file not loaded: Vivid WeathersSE.esp
esp file not loaded: Vivid WeathersSE.esp
esp file not loaded: Vivid WeathersSE.esp
esp file not loaded: Vivid WeathersSE.esp
esp file not loaded: Vivid WeathersSE.esp
esp file not loaded: Vivid WeathersSE.esp
esp file not loaded: Vivid WeathersSE.esp
esp file not loaded: Vivid WeathersSE.esp
esp file not loaded: Vivid WeathersSE.esp
esp file not loaded: Vivid WeathersSE.esp
esp file not loaded: Vivid WeathersSE.esp
esp file not loaded: Vivid WeathersSE.esp
esp file not loaded: Vivid WeathersSE.esp
esp file not loaded: Vivid WeathersSE.esp
esp file not loaded: Vivid WeathersSE.esp
esp file not loaded: Haze-WeatherSeasonsAtmosphere.esp
esp file not loaded: Haze-WeatherSeasonsAtmosphere.esp
esp file not loaded: Haze-WeatherSeasonsAtmosphere.esp
esp file not loaded: Haze-WeatherSeasonsAtmosphere.esp
esp file not loaded: Haze-WeatherSeasonsAtmosphere.esp
esp file not loaded: Haze-WeatherSeasonsAtmosphere.esp
esp file not loaded: Haze-WeatherSeasonsAtmosphere.esp
esp file not loaded: Mythical Ages.esp
esp file not loaded: Mythical Ages.esp
esp file not loaded: ClimatesOfTamriel.esp
esp file not loaded: ClimatesOfTamriel.esp
esp file not loaded: ClimatesOfTamriel.esp
esp file not loaded: ClimatesOfTamriel.esp
esp file not loaded: ClimatesOfTamriel.esp
esp file not loaded: ClimatesOfTamriel.esp
esp file not loaded: ClimatesOfTamriel.esp
esp file not loaded: Frostbite.esp
esp file not loaded: Frostbite.esp
esp file not loaded: Frostbite.esp
esp file not loaded: Frostbite.esp
esp file not loaded: Frostbite.esp
esp file not loaded: Frostbite.esp
esp file not loaded: Smooth Weapon.esm
esp file not loaded: NewArmoury.esp
esp file not loaded: Smooth Weapon.esm
esp file not loaded: NewArmoury.esp
esp file not loaded: Smooth Weapon.esm
esp file not loaded: NewArmoury.esp
esp file not loaded: ArousedRedux.esm
esp file not loaded: ArousedRedux.esm
esp file not loaded: ArousedRedux.esm
esp file not loaded: ArousedRedux.esm
esp file not loaded: ArousedRedux.esm
esp file not loaded: ArousedRedux.esm
esp file not loaded: ArousedRedux.esm
esp file not loaded: ArousedRedux.esm
esp file not loaded: ArousedRedux.esm
esp file not loaded: ArousedRedux.esm
esp file not loaded: ArousedRedux.esm
esp file not loaded: ArousedRedux.esm
esp file not loaded: ArousedRedux.esm
esp file not loaded: ArousedRedux.esm
esp file not loaded: Combo Attacks SE.esp
esp file not loaded: Combo Attacks SE.esp
esp file not loaded: Smooth Weapon.esm
esp file not loaded: NewArmoury.esp
esp file not loaded: Smooth Weapon.esm
esp file not loaded: NewArmoury.esp
esp file not loaded: Smooth Weapon.esm
esp file not loaded: NewArmoury.esp
esp file not loaded: Smooth Weapon.esm
esp file not loaded: NewArmoury.esp
esp file not loaded: Smooth Weapon.esm
esp file not loaded: Smooth Weapon.esm
esp file not loaded: NewArmoury.esp
esp file not loaded: Smooth Weapon.esm
esp file not loaded: Smooth Weapon.esm
esp file not loaded: NewArmoury.esp
esp file not loaded: Smooth Weapon.esm
esp file not loaded: Smooth Weapon.esm
esp file not loaded: NewArmoury.esp
esp file not loaded: Smooth Weapon.esm
esp file not loaded: Smooth Weapon.esm
esp file not loaded: NewArmoury.esp
esp file not loaded: Smooth Weapon.esm
esp file not loaded: Smooth Weapon.esm
esp file not loaded: NewArmoury.esp
esp file not loaded: Smooth Weapon.esm
esp file not loaded: Smooth Weapon.esm
esp file not loaded: Smooth Weapon.esm
esp file not loaded: NewArmoury.esp
esp file not loaded: Smooth Weapon.esm
esp file not loaded: Smooth Weapon.esm
esp file not loaded: NewArmoury.esp
esp file not loaded: Smooth Weapon.esm
esp file not loaded: NewArmoury.esp
esp file not loaded: Smooth Weapon.esm
esp file not loaded: NewArmoury.esp
esp file not loaded: Smooth Weapon.esm
esp file not loaded: NewArmoury.esp
esp file not loaded: Smooth Weapon.esm
esp file not loaded: NewArmoury.esp
esp file not loaded: Smooth Weapon.esm
esp file not loaded: NewArmoury.esp
esp file not loaded: Smooth Weapon.esm
esp file not loaded: NewArmoury.esp
esp file not loaded: Smooth Weapon.esm
esp file not loaded: NewArmoury.esp
esp file not loaded: Smooth Weapon.esm
esp file not loaded: NewArmoury.esp
esp file not loaded: Smooth Weapon.esm
esp file not loaded: Smooth Weapon.esm
esp file not loaded: NewArmoury.esp
esp file not loaded: NewArmoury.esp
esp file not loaded: Smooth Weapon.esm
esp file not loaded: Smooth Weapon.esm
esp file not loaded: NewArmoury.esp
esp file not loaded: NewArmoury.esp
esp file not loaded: Smooth Weapon.esm
esp file not loaded: Smooth Weapon.esm
esp file not loaded: NewArmoury.esp
esp file not loaded: NewArmoury.esp
esp file not loaded: Smooth Weapon.esm
esp file not loaded: Smooth Weapon.esm
esp file not loaded: NewArmoury.esp
esp file not loaded: NewArmoury.esp
esp file not loaded: Smooth Weapon.esm
esp file not loaded: Smooth Weapon.esm
esp file not loaded: NewArmoury.esp
esp file not loaded: NewArmoury.esp
esp file not loaded: Smooth Weapon.esm
esp file not loaded: NewArmoury.esp
esp file not loaded: Smooth Weapon.esm
esp file not loaded: Smooth Weapon.esm
esp file not loaded: Smooth Weapon.esm
esp file not loaded: NewArmoury.esp
esp file not loaded: NewArmoury.esp
esp file not loaded: Smooth Weapon.esm
esp file not loaded: NewArmoury.esp
esp file not loaded: Smooth Weapon.esm
esp file not loaded: Smooth Weapon.esm
esp file not loaded: Smooth Weapon.esm
esp file not loaded: NewArmoury.esp
esp file not loaded: NewArmoury.esp
esp file not loaded: Smooth Weapon.esm
esp file not loaded: Smooth Weapon.esm
esp file not loaded: NewArmoury.esp
esp file not loaded: Combo Attacks SE.esp
esp file not loaded: Combo Attacks SE.esp
esp file not loaded: NewArmoury.esp
esp file not loaded: NewArmoury.esp
esp file not loaded: NewArmoury.esp
esp file not loaded: NewArmoury.esp
esp file not loaded: NewArmoury.esp
esp file not loaded: NewArmoury.esp
esp file not loaded: NewArmoury.esp
esp file not loaded: NewArmoury.esp
esp file not loaded: NewArmoury.esp
esp file not loaded: NewArmoury.esp
esp file not loaded: NewArmoury.esp
esp file not loaded: NewArmoury.esp
esp file not loaded: NewArmoury.esp
esp file not loaded: NewArmoury.esp
esp file not loaded: NewArmoury.esp
esp file not loaded: NewArmoury.esp
esp file not loaded: NewArmoury.esp
esp file not loaded: NewArmoury.esp
esp file not loaded: NewArmoury.esp
esp file not loaded: NewArmoury.esp
esp file not loaded: NewArmoury.esp
esp file not loaded: NewArmoury.esp
esp file not loaded: NewArmoury.esp
esp file not loaded: NewArmoury.esp
esp file not loaded: NewArmoury.esp
esp file not loaded: NewArmoury.esp
esp file not loaded: NewArmoury.esp
esp file not loaded: NewArmoury.esp
esp file not loaded: NewArmoury.esp
esp file not loaded: NewArmoury.esp
esp file not loaded: NewArmoury.esp
esp file not loaded: NewArmoury.esp
esp file not loaded: NewArmoury.esp
esp file not loaded: NewArmoury.esp
esp file not loaded: NewArmoury.esp
esp file not loaded: NewArmoury.esp
esp file not loaded: NewArmoury.esp
esp file not loaded: NewArmoury.esp
esp file not loaded: NewArmoury.esp
esp file not loaded: NewArmoury.esp
esp file not loaded: Smooth Weapon.esm
esp file not loaded: Smooth Weapon.esm
esp file not loaded: Smooth Weapon.esm
esp file not loaded: Smooth Weapon.esm
esp file not loaded: NewArmoury.esp
esp file not loaded: Smooth Weapon.esm
esp file not loaded: Smooth Weapon.esm
esp file not loaded: Smooth Weapon.esm
esp file not loaded: NewArmoury.esp
esp file not loaded: NewArmoury.esp
esp file not loaded: Smooth Weapon.esm
esp file not loaded: Smooth Weapon.esm
esp file not loaded: Smooth Weapon.esm
esp file not loaded: NewArmoury.esp
esp file not loaded: NewArmoury.esp
esp file not loaded: Smooth Weapon.esm
esp file not loaded: Smooth Weapon.esm
esp file not loaded: NewArmoury.esp
esp file not loaded: Smooth Weapon.esm
esp file not loaded: Smooth Weapon.esm
esp file not loaded: NewArmoury.esp
esp file not loaded: NewArmoury.esp
esp file not loaded: Smooth Weapon.esm
esp file not loaded: Smooth Weapon.esm
esp file not loaded: NewArmoury.esp
esp file not loaded: Smooth Weapon.esm
esp file not loaded: Smooth Weapon.esm
esp file not loaded: Smooth Weapon.esm
esp file not loaded: NewArmoury.esp
esp file not loaded: NewArmoury.esp
esp file not loaded: Smooth Weapon.esm
esp file not loaded: Smooth Weapon.esm
esp file not loaded: Smooth Weapon.esm
esp file not loaded: Smooth Weapon.esm
esp file not loaded: Smooth Weapon.esm
esp file not loaded: NewArmoury.esp
esp file not loaded: NewArmoury.esp
esp file not loaded: NewArmoury.esp
esp file not loaded: Smooth Weapon.esm
esp file not loaded: NewArmoury.esp
esp file not loaded: Smooth Weapon.esm
esp file not loaded: NewArmoury.esp
esp file not loaded: Smooth Weapon.esm
esp file not loaded: NewArmoury.esp
esp file not loaded: Smooth Weapon.esm
esp file not loaded: Smooth Weapon.esm
esp file not loaded: Smooth Weapon.esm
esp file not loaded: Smooth Weapon.esm
esp file not loaded: Smooth Weapon.esm
esp file not loaded: NewArmoury.esp
esp file not loaded: Smooth Weapon.esm
esp file not loaded: Smooth Weapon.esm
esp file not loaded: NewArmoury.esp
esp file not loaded: Smooth Weapon.esm
esp file not loaded: Smooth Weapon.esm
esp file not loaded: NewArmoury.esp
esp file not loaded: NewArmoury.esp
esp file not loaded: Smooth Weapon.esm
esp file not loaded: Smooth Weapon.esm
esp file not loaded: NewArmoury.esp
esp file not loaded: Smooth Weapon.esm
esp file not loaded: NewArmoury.esp
esp file not loaded: Smooth Weapon.esm
esp file not loaded: NewArmoury.esp
esp file not loaded: Smooth Weapon.esm
esp file not loaded: SkyrimSpearMechanic.esp
esp file not loaded: Smooth Weapon.esm
esp file not loaded: SkyrimSpearMechanic.esp
esp file not loaded: Smooth Weapon.esm
esp file not loaded: Smooth Weapon.esm
esp file not loaded: NewArmoury.esp
esp file not loaded: Smooth Weapon.esm
esp file not loaded: Smooth Weapon.esm
esp file not loaded: NewArmoury.esp
esp file not loaded: Smooth Weapon.esm
esp file not loaded: NewArmoury.esp
esp file not loaded: Smooth Weapon.esm
esp file not loaded: NewArmoury.esp
esp file not loaded: Smooth Weapon.esm
esp file not loaded: SkyrimSpearMechanic.esp
esp file not loaded: Smooth Weapon.esm
esp file not loaded: SkyrimSpearMechanic.esp
esp file not loaded: Smooth Weapon.esm
esp file not loaded: Smooth Weapon.esm
esp file not loaded: NewArmoury.esp
esp file not loaded: Smooth Weapon.esm
esp file not loaded: Smooth Weapon.esm
esp file not loaded: NewArmoury.esp
esp file not loaded: Smooth Weapon.esm
esp file not loaded: NewArmoury.esp
esp file not loaded: Smooth Weapon.esm
esp file not loaded: NewArmoury.esp
esp file not loaded: Smooth Weapon.esm
esp file not loaded: SkyrimSpearMechanic.esp
esp file not loaded: Smooth Weapon.esm
esp file not loaded: SkyrimSpearMechanic.esp
esp file not loaded: Smooth Weapon.esm
esp file not loaded: Smooth Weapon.esm
esp file not loaded: NewArmoury.esp
esp file not loaded: Smooth Weapon.esm
esp file not loaded: Smooth Weapon.esm
esp file not loaded: NewArmoury.esp
esp file not loaded: Smooth Weapon.esm
esp file not loaded: NewArmoury.esp
esp file not loaded: Smooth Weapon.esm
esp file not loaded: NewArmoury.esp
esp file not loaded: Smooth Weapon.esm
esp file not loaded: SkyrimSpearMechanic.esp
esp file not loaded: Smooth Weapon.esm
esp file not loaded: SkyrimSpearMechanic.esp
esp file not loaded: Smooth Weapon.esm
esp file not loaded: Smooth Weapon.esm
esp file not loaded: NewArmoury.esp
esp file not loaded: Smooth Weapon.esm
esp file not loaded: Smooth Weapon.esm
esp file not loaded: NewArmoury.esp
esp file not loaded: Smooth Weapon.esm
esp file not loaded: NewArmoury.esp
esp file not loaded: Smooth Weapon.esm
esp file not loaded: NewArmoury.esp
esp file not loaded: Smooth Weapon.esm
esp file not loaded: SkyrimSpearMechanic.esp
esp file not loaded: Smooth Weapon.esm
esp file not loaded: SkyrimSpearMechanic.esp
esp file not loaded: Smooth Weapon.esm
esp file not loaded: Smooth Weapon.esm
esp file not loaded: NewArmoury.esp
esp file not loaded: Smooth Weapon.esm
esp file not loaded: Smooth Weapon.esm
esp file not loaded: NewArmoury.esp
esp file not loaded: Smooth Weapon.esm
esp file not loaded: NewArmoury.esp
esp file not loaded: Smooth Weapon.esm
esp file not loaded: NewArmoury.esp
esp file not loaded: Smooth Weapon.esm
esp file not loaded: SkyrimSpearMechanic.esp
esp file not loaded: Smooth Weapon.esm
esp file not loaded: SkyrimSpearMechanic.esp
esp file not loaded: Smooth Weapon.esm
esp file not loaded: Smooth Weapon.esm
esp file not loaded: NewArmoury.esp
esp file not loaded: Smooth Weapon.esm
esp file not loaded: Smooth Weapon.esm
esp file not loaded: NewArmoury.esp
esp file not loaded: Smooth Weapon.esm
esp file not loaded: NewArmoury.esp
esp file not loaded: Smooth Weapon.esm
esp file not loaded: NewArmoury.esp
esp file not loaded: Smooth Weapon.esm
esp file not loaded: SkyrimSpearMechanic.esp
esp file not loaded: Smooth Weapon.esm
esp file not loaded: SkyrimSpearMechanic.esp
esp file not loaded: Smooth Weapon.esm
esp file not loaded: Smooth Weapon.esm
couldn't find actors\chaurus\animations\DynamicAnimationReplacer
couldn't find actors\cow\animations\DynamicAnimationReplacer
couldn't find actors\deer\animations\DynamicAnimationReplacer
couldn't find actors\dlc01\chaurusflyer\animations\DynamicAnimationReplacer
couldn't find actors\dlc01\vampirebrute\animations\DynamicAnimationReplacer
couldn't find actors\dlc02\benthiclurker\animations\DynamicAnimationReplacer
couldn't find actors\dlc02\boarriekling\animations\DynamicAnimationReplacer
couldn't find actors\dlc02\dwarvenballistacenturion\animations\DynamicAnimationReplacer
couldn't find actors\dlc02\hmdaedra\animations\DynamicAnimationReplacer
couldn't find actors\dlc02\netch\animations\DynamicAnimationReplacer
couldn't find actors\dlc02\riekling\animations\DynamicAnimationReplacer
couldn't find actors\dlc02\scrib\animations\DynamicAnimationReplacer
couldn't find actors\dragon\animations\DynamicAnimationReplacer
couldn't find actors\dragonpriest\animations\DynamicAnimationReplacer
couldn't find actors\draugr\animations\DynamicAnimationReplacer
couldn't find actors\draugr\animations\DynamicAnimationReplacer
couldn't find actors\dwarvenspherecenturion\animations\DynamicAnimationReplacer
couldn't find actors\dwarvenspider\animations\DynamicAnimationReplacer
couldn't find actors\dwarvensteamcenturion\animations\DynamicAnimationReplacer
couldn't find actors\falmer\animations\DynamicAnimationReplacer
couldn't find actors\frostbitespider\animations\DynamicAnimationReplacer
couldn't find actors\giant\animations\DynamicAnimationReplacer
couldn't find actors\goat\animations\DynamicAnimationReplacer
couldn't find actors\hagraven\animations\DynamicAnimationReplacer
couldn't find actors\horker\animations\DynamicAnimationReplacer
couldn't find actors\horse\animations\DynamicAnimationReplacer
couldn't find actors\icewraith\animations\DynamicAnimationReplacer
couldn't find actors\mammoth\animations\DynamicAnimationReplacer
couldn't find actors\mudcrab\animations\DynamicAnimationReplacer
couldn't find actors\sabrecat\animations\DynamicAnimationReplacer
couldn't find actors\skeever\animations\DynamicAnimationReplacer
couldn't find actors\slaughterfish\animations\DynamicAnimationReplacer
couldn't find actors\spriggan\animations\DynamicAnimationReplacer
couldn't find actors\troll\animations\DynamicAnimationReplacer
couldn't find actors\vampirelord\animations\DynamicAnimationReplacer
couldn't find actors\werewolfbeast\animations\DynamicAnimationReplacer
couldn't find actors\wisp\animations\DynamicAnimationReplacer
couldn't find actors\witchlight\animations\DynamicAnimationReplacer
26253 / 32512 : actors\character\defaultfemale.hkx
891 / 32512 : actors\character\_1stperson\firstperson.hkx
