E:\code\EngineFixesSkyrim64\src\main.cpp(86): [info] Engine Fixes v5.6.0
E:\code\EngineFixesSkyrim64\src\config.h(90): [warning] [Fixes] FaceGenMorphDataHeadNullptrCrash: value is not found
E:\code\EngineFixesSkyrim64\src\config.h(90): [warning] [Fixes] InitializeHitDataNullptrCrash: value is not found
E:\code\EngineFixesSkyrim64\src\config.h(90): [warning] [Fixes] ShadowSceneNodeNullptrCrash: value is not found
E:\code\EngineFixesSkyrim64\src\main.cpp(89): [info] loaded config successfully
E:\code\_dep\CommonLibSSE\include\SKSE\Trampoline.cpp(114): [info] Default Trampoline => 0B / 2048B (00.00%)
E:\code\_dep\CommonLibSSE\include\SKSE\Trampoline.cpp(114): [info] Default Trampoline => 14B / 2048B (00.68%)
E:\code\_dep\CommonLibSSE\include\SKSE\Trampoline.cpp(114): [info] Default Trampoline => 28B / 2048B (01.37%)
E:\code\EngineFixesSkyrim64\src\main.cpp(137): [info] beginning pre-load patches
E:\code\_dep\CommonLibSSE\include\SKSE\Trampoline.cpp(114): [info] Default Trampoline => 81B / 2048B (03.96%)
E:\code\_dep\CommonLibSSE\include\SKSE\Trampoline.cpp(114): [info] Default Trampoline => 89B / 2048B (04.35%)
E:\code\_dep\CommonLibSSE\include\SKSE\Trampoline.cpp(114): [info] Default Trampoline => 129B / 2048B (06.30%)
E:\code\_dep\CommonLibSSE\include\SKSE\Trampoline.cpp(114): [info] Default Trampoline => 137B / 2048B (06.69%)
E:\code\_dep\CommonLibSSE\include\SKSE\Trampoline.cpp(114): [info] Default Trampoline => 151B / 2048B (07.37%)
E:\code\_dep\CommonLibSSE\include\SKSE\Trampoline.cpp(114): [info] Default Trampoline => 223B / 2048B (10.89%)
E:\code\_dep\CommonLibSSE\include\SKSE\Trampoline.cpp(114): [info] Default Trampoline => 237B / 2048B (11.57%)
E:\code\_dep\CommonLibSSE\include\SKSE\Trampoline.cpp(114): [info] Default Trampoline => 261B / 2048B (12.74%)
E:\code\_dep\CommonLibSSE\include\SKSE\Trampoline.cpp(114): [info] Default Trampoline => 269B / 2048B (13.13%)
E:\code\_dep\CommonLibSSE\include\SKSE\Trampoline.cpp(114): [info] Default Trampoline => 299B / 2048B (14.60%)
E:\code\_dep\CommonLibSSE\include\SKSE\Trampoline.cpp(114): [info] Default Trampoline => 307B / 2048B (14.99%)
E:\code\_dep\CommonLibSSE\include\SKSE\Trampoline.cpp(114): [info] Default Trampoline => 321B / 2048B (15.67%)
E:\code\_dep\CommonLibSSE\include\SKSE\Trampoline.cpp(114): [info] Default Trampoline => 335B / 2048B (16.36%)
E:\code\_dep\CommonLibSSE\include\SKSE\Trampoline.cpp(114): [info] Default Trampoline => 370B / 2048B (18.07%)
E:\code\_dep\CommonLibSSE\include\SKSE\Trampoline.cpp(114): [info] Default Trampoline => 384B / 2048B (18.75%)
E:\code\_dep\CommonLibSSE\include\SKSE\Trampoline.cpp(114): [info] Default Trampoline => 426B / 2048B (20.80%)
E:\code\_dep\CommonLibSSE\include\SKSE\Trampoline.cpp(114): [info] Default Trampoline => 434B / 2048B (21.19%)
E:\code\_dep\CommonLibSSE\include\SKSE\Trampoline.cpp(114): [info] Default Trampoline => 491B / 2048B (23.97%)
E:\code\_dep\CommonLibSSE\include\SKSE\Trampoline.cpp(114): [info] Default Trampoline => 499B / 2048B (24.37%)
E:\code\_dep\CommonLibSSE\include\SKSE\Trampoline.cpp(114): [info] Default Trampoline => 541B / 2048B (26.42%)
E:\code\_dep\CommonLibSSE\include\SKSE\Trampoline.cpp(114): [info] Default Trampoline => 549B / 2048B (26.81%)
E:\code\_dep\CommonLibSSE\include\SKSE\Trampoline.cpp(114): [info] Default Trampoline => 598B / 2048B (29.20%)
E:\code\_dep\CommonLibSSE\include\SKSE\Trampoline.cpp(114): [info] Default Trampoline => 612B / 2048B (29.88%)
E:\code\_dep\CommonLibSSE\include\SKSE\Trampoline.cpp(114): [info] Default Trampoline => 659B / 2048B (32.18%)
E:\code\_dep\CommonLibSSE\include\SKSE\Trampoline.cpp(114): [info] Default Trampoline => 673B / 2048B (32.86%)
E:\code\_dep\CommonLibSSE\include\SKSE\Trampoline.cpp(114): [info] Default Trampoline => 708B / 2048B (34.57%)
E:\code\_dep\CommonLibSSE\include\SKSE\Trampoline.cpp(114): [info] Default Trampoline => 722B / 2048B (35.25%)
E:\code\_dep\CommonLibSSE\include\SKSE\Trampoline.cpp(114): [info] Default Trampoline => 798B / 2048B (38.96%)
E:\code\_dep\CommonLibSSE\include\SKSE\Trampoline.cpp(114): [info] Default Trampoline => 806B / 2048B (39.36%)
E:\code\_dep\CommonLibSSE\include\SKSE\Trampoline.cpp(114): [info] Default Trampoline => 820B / 2048B (40.04%)
E:\code\_dep\CommonLibSSE\include\SKSE\Trampoline.cpp(114): [info] Default Trampoline => 834B / 2048B (40.72%)
E:\code\_dep\CommonLibSSE\include\SKSE\Trampoline.cpp(114): [info] Default Trampoline => 848B / 2048B (41.41%)
E:\code\_dep\CommonLibSSE\include\SKSE\Trampoline.cpp(114): [info] Default Trampoline => 888B / 2048B (43.36%)
E:\code\_dep\CommonLibSSE\include\SKSE\Trampoline.cpp(114): [info] Default Trampoline => 902B / 2048B (44.04%)
E:\code\_dep\CommonLibSSE\include\SKSE\Trampoline.cpp(114): [info] Default Trampoline => 919B / 2048B (44.87%)
E:\code\_dep\CommonLibSSE\include\SKSE\Trampoline.cpp(114): [info] Default Trampoline => 933B / 2048B (45.56%)
E:\code\_dep\CommonLibSSE\include\SKSE\Trampoline.cpp(114): [info] Default Trampoline => 987B / 2048B (48.19%)
E:\code\_dep\CommonLibSSE\include\SKSE\Trampoline.cpp(114): [info] Default Trampoline => 995B / 2048B (48.58%)
E:\code\_dep\CommonLibSSE\include\SKSE\Trampoline.cpp(114): [info] Default Trampoline => 1049B / 2048B (51.22%)
E:\code\_dep\CommonLibSSE\include\SKSE\Trampoline.cpp(114): [info] Default Trampoline => 1057B / 2048B (51.61%)
E:\code\_dep\CommonLibSSE\include\SKSE\Trampoline.cpp(114): [info] Default Trampoline => 1111B / 2048B (54.25%)
E:\code\_dep\CommonLibSSE\include\SKSE\Trampoline.cpp(114): [info] Default Trampoline => 1119B / 2048B (54.64%)
E:\code\EngineFixesSkyrim64\src\main.cpp(143): [info] pre-load patches complete
E:\code\EngineFixesSkyrim64\src\main.cpp(13): [info] beginning post-load patches
E:\code\_dep\CommonLibSSE\include\SKSE\Trampoline.cpp(114): [info] Default Trampoline => 1148B / 2048B (56.05%)
E:\code\_dep\CommonLibSSE\include\SKSE\Trampoline.cpp(114): [info] Default Trampoline => 1156B / 2048B (56.45%)
E:\code\_dep\CommonLibSSE\include\SKSE\Trampoline.cpp(114): [info] Default Trampoline => 1206B / 2048B (58.89%)
E:\code\_dep\CommonLibSSE\include\SKSE\Trampoline.cpp(114): [info] Default Trampoline => 1220B / 2048B (59.57%)
E:\code\_dep\CommonLibSSE\include\SKSE\Trampoline.cpp(114): [info] Default Trampoline => 1314B / 2048B (64.16%)
E:\code\_dep\CommonLibSSE\include\SKSE\Trampoline.cpp(114): [info] Default Trampoline => 1322B / 2048B (64.55%)
E:\code\_dep\CommonLibSSE\include\SKSE\Trampoline.cpp(114): [info] Default Trampoline => 1379B / 2048B (67.33%)
E:\code\_dep\CommonLibSSE\include\SKSE\Trampoline.cpp(114): [info] Default Trampoline => 1387B / 2048B (67.72%)
E:\code\_dep\CommonLibSSE\include\SKSE\Trampoline.cpp(114): [info] Default Trampoline => 1440B / 2048B (70.31%)
E:\code\_dep\CommonLibSSE\include\SKSE\Trampoline.cpp(114): [info] Default Trampoline => 1448B / 2048B (70.70%)
E:\code\EngineFixesSkyrim64\src\main.cpp(33): [info] post-load patches complete
