hdtSMP64 2.0
SkinAllGeometry skeleton_female.nif 7, Prisoner, (formid 00000014 base form 00000007 head template form 00000000)
SkinSingleGeometry skeleton_female.nif 7 - FemaleHeadNord, Prisoner, (formid 00000014 base form 00000007 head template form 00000000)
SkinSingleGeometry skeleton_female.nif 7 - FemaleMouthHumanoidDefault, Prisoner, (formid 00000014 base form 00000007 head template form 00000000)
SkinSingleGeometry skeleton_female.nif 7 - 00KLH_MarksFemaleHumanoid01LeftGash, Prisoner, (formid 00000014 base form 00000007 head template form 00000000)
SkinSingleGeometry skeleton_female.nif 7 - HairFemaleNord05, Prisoner, (formid 00000014 base form 00000007 head template form 00000000)
SkinSingleGeometry skeleton_female.nif 7 - HairLineFemaleNord05, Prisoner, (formid 00000014 base form 00000007 head template form 00000000)
SkinSingleGeometry skeleton_female.nif 7 - FemaleEyesHumanYellow, Prisoner, (formid 00000014 base form 00000007 head template form 00000000)
SkinSingleGeometry skeleton_female.nif 7 - FemaleBrowsHuman06, Prisoner, (formid 00000014 base form 00000007 head template form 00000000)
SkinAllGeometry skeleton_female.nif 7, Prisoner, (formid 00000014 base form 00000007 head template form 00000000)
SkinSingleGeometry skeleton_female.nif 7 - FemaleHeadNord, Prisoner, (formid 00000014 base form 00000007 head template form 00000000)
SkinSingleGeometry skeleton_female.nif 7 - FemaleMouthHumanoidDefault, Prisoner, (formid 00000014 base form 00000007 head template form 00000000)
SkinSingleGeometry skeleton_female.nif 7 - 00KLH_MarksFemaleHumanoid01LeftGash, Prisoner, (formid 00000014 base form 00000007 head template form 00000000)
SkinSingleGeometry skeleton_female.nif 7 - HairFemaleNord05, Prisoner, (formid 00000014 base form 00000007 head template form 00000000)
SkinSingleGeometry skeleton_female.nif 7 - HairLineFemaleNord05, Prisoner, (formid 00000014 base form 00000007 head template form 00000000)
SkinSingleGeometry skeleton_female.nif 7 - FemaleEyesHumanYellow, Prisoner, (formid 00000014 base form 00000007 head template form 00000000)
SkinSingleGeometry skeleton_female.nif 7 - FemaleBrowsHuman06, Prisoner, (formid 00000014 base form 00000007 head template form 00000000)
SkinAllGeometry skeleton_female.nif 7, Prisoner, (formid 00000014 base form 00000007 head template form 00000000)
SkinSingleGeometry skeleton_female.nif 7 - FemaleHeadNord, Prisoner, (formid 00000014 base form 00000007 head template form 00000000)
SkinSingleGeometry skeleton_female.nif 7 - FemaleMouthHumanoidDefault, Prisoner, (formid 00000014 base form 00000007 head template form 00000000)
SkinSingleGeometry skeleton_female.nif 7 - 00KLH_MarksFemaleHumanoid01LeftGash, Prisoner, (formid 00000014 base form 00000007 head template form 00000000)
SkinSingleGeometry skeleton_female.nif 7 - HairFemaleNord05, Prisoner, (formid 00000014 base form 00000007 head template form 00000000)
SkinSingleGeometry skeleton_female.nif 7 - HairLineFemaleNord05, Prisoner, (formid 00000014 base form 00000007 head template form 00000000)
SkinSingleGeometry skeleton_female.nif 7 - FemaleEyesHumanYellow, Prisoner, (formid 00000014 base form 00000007 head template form 00000000)
SkinSingleGeometry skeleton_female.nif 7 - FemaleBrowsHuman06, Prisoner, (formid 00000014 base form 00000007 head template form 00000000)
SkinAllGeometry skeleton_female.nif 7, Cerri Steelfist, (formid fe070818 base form fe070800 head template form 00000000)
SkinSingleGeometry skeleton_female.nif 7 - 0_CerriHair, Cerri Steelfist, (formid fe070818 base form fe070800 head template form 00000000)
SkinSingleGeometry skeleton_female.nif 7 - 0_CerriHairlineDUPLICATE001, Cerri Steelfist, (formid fe070818 base form fe070800 head template form 00000000)
SkinSingleGeometry skeleton_female.nif 7 - 0_CerriHairline, Cerri Steelfist, (formid fe070818 base form fe070800 head template form 00000000)
SkinSingleGeometry skeleton_female.nif 7 - 00KLH_FemaleHeadNord, Cerri Steelfist, (formid fe070818 base form fe070800 head template form 00000000)
SkinSingleGeometry skeleton_female.nif 7 - FemaleEyesHumanDarkBlue, Cerri Steelfist, (formid fe070818 base form fe070800 head template form 00000000)
SkinSingleGeometry skeleton_female.nif 7 - FemaleBrowsHuman09, Cerri Steelfist, (formid fe070818 base form fe070800 head template form 00000000)
SkinSingleGeometry skeleton_female.nif 7 - FemaleMouthHumanoidDefault, Cerri Steelfist, (formid fe070818 base form fe070800 head template form 00000000)
