JContainers64 4.1.13
plugin loaded
Registering functions started
NativeFunction.Ctor object state 000001E4130DC618 000001E4130DC618
NativeFunction.Ctor objectWithSize state 000001E4130DC618 000001E4130DC618
NativeFunction.Ctor objectWithInts state 000001E4130DC618 000001E4130DC618
NativeFunction.Ctor objectWithStrings state 000001E4130DC618 000001E4130DC618
NativeFunction.Ctor objectWithFloats state 000001E4130DC618 000001E4130DC618
NativeFunction.Ctor objectWithBooleans state 000001E4130DC618 000001E4130DC618
NativeFunction.Ctor objectWithForms state 000001E4130DC618 000001E4130DC618
NativeFunction.Ctor subArray state 000001E4130DC618 000001E4130DC618
NativeFunction.Ctor addFromArray state 000001E4130DC618 000001E4130DC618
NativeFunction.Ctor addFromFormList state 000001E4130DC618 000001E4130DC618
NativeFunction.Ctor getInt state 000001E4130DC618 000001E4130DC618
NativeFunction.Ctor getFlt state 000001E4130DC618 000001E4130DC618
NativeFunction.Ctor getStr state 000001E4130DC618 000001E4130DC618
NativeFunction.Ctor getObj state 000001E4130DC618 000001E4130DC618
NativeFunction.Ctor getForm state 000001E4130DC618 000001E4130DC618
NativeFunction.Ctor asIntArray state 000001E4130DC618 000001E4130DC618
NativeFunction.Ctor asFloatArray state 000001E4130DC618 000001E4130DC618
NativeFunction.Ctor asStringArray state 000001E4130DC618 000001E4130DC618
NativeFunction.Ctor asFormArray state 000001E4130DC618 000001E4130DC618
NativeFunction.Ctor findInt state 000001E4130DC618 000001E4130DC618
NativeFunction.Ctor findFlt state 000001E4130DC618 000001E4130DC618
NativeFunction.Ctor findStr state 000001E4130DC618 000001E4130DC618
NativeFunction.Ctor findObj state 000001E4130DC618 000001E4130DC618
NativeFunction.Ctor findForm state 000001E4130DC618 000001E4130DC618
NativeFunction.Ctor countInteger state 000001E4130DC618 000001E4130DC618
NativeFunction.Ctor countFloat state 000001E4130DC618 000001E4130DC618
NativeFunction.Ctor countString state 000001E4130DC618 000001E4130DC618
NativeFunction.Ctor countObject state 000001E4130DC618 000001E4130DC618
NativeFunction.Ctor countForm state 000001E4130DC618 000001E4130DC618
NativeFunction.Ctor setInt state 000001E4130DC618 000001E4130DC618
NativeFunction.Ctor setFlt state 000001E4130DC618 000001E4130DC618
NativeFunction.Ctor setStr state 000001E4130DC618 000001E4130DC618
NativeFunction.Ctor setObj state 000001E4130DC618 000001E4130DC618
NativeFunction.Ctor setForm state 000001E4130DC618 000001E4130DC618
NativeFunction.Ctor addInt state 000001E4130DC618 000001E4130DC618
NativeFunction.Ctor addFlt state 000001E4130DC618 000001E4130DC618
NativeFunction.Ctor addStr state 000001E4130DC618 000001E4130DC618
NativeFunction.Ctor addObj state 000001E4130DC618 000001E4130DC618
NativeFunction.Ctor addForm state 000001E4130DC618 000001E4130DC618
NativeFunction.Ctor count state 000001E4130DC618 000001E4130DC618
NativeFunction.Ctor clear state 000001E4130DC618 000001E4130DC618
NativeFunction.Ctor eraseIndex state 000001E4130DC618 000001E4130DC618
NativeFunction.Ctor eraseRange state 000001E4130DC618 000001E4130DC618
NativeFunction.Ctor eraseInteger state 000001E4130DC618 000001E4130DC618
NativeFunction.Ctor eraseFloat state 000001E4130DC618 000001E4130DC618
NativeFunction.Ctor eraseString state 000001E4130DC618 000001E4130DC618
NativeFunction.Ctor eraseObject state 000001E4130DC618 000001E4130DC618
NativeFunction.Ctor eraseForm state 000001E4130DC618 000001E4130DC618
NativeFunction.Ctor valueType state 000001E4130DC618 000001E4130DC618
NativeFunction.Ctor swapItems state 000001E4130DC618 000001E4130DC618
NativeFunction.Ctor sort state 000001E4130DC618 000001E4130DC618
NativeFunction.Ctor unique state 000001E4130DC618 000001E4130DC618
NativeFunction.Ctor reverse state 000001E4130DC618 000001E4130DC618
NativeFunction.Ctor writeToIntegerPArray state 000001E4130DC618 000001E4130DC618
NativeFunction.Ctor writeToFloatPArray state 000001E4130DC618 000001E4130DC618
NativeFunction.Ctor writeToFormPArray state 000001E4130DC618 000001E4130DC618
NativeFunction.Ctor writeToStringPArray state 000001E4130DC618 000001E4130DC618
NativeFunction.Ctor fetchAddInt state 000001E4130DC618 000001E4130DC618
NativeFunction.Ctor fetchAddFlt state 000001E4130DC618 000001E4130DC618
NativeFunction.Ctor fetchMultInt state 000001E4130DC618 000001E4130DC618
NativeFunction.Ctor fetchMultFlt state 000001E4130DC618 000001E4130DC618
NativeFunction.Ctor fetchModInt state 000001E4130DC618 000001E4130DC618
NativeFunction.Ctor fetchDivInt state 000001E4130DC618 000001E4130DC618
NativeFunction.Ctor fetchDivFlt state 000001E4130DC618 000001E4130DC618
NativeFunction.Ctor fetchAndInt state 000001E4130DC618 000001E4130DC618
NativeFunction.Ctor fetchXorInt state 000001E4130DC618 000001E4130DC618
NativeFunction.Ctor fetchOrInt state 000001E4130DC618 000001E4130DC618
NativeFunction.Ctor exchangeInt state 000001E4130DC618 000001E4130DC618
NativeFunction.Ctor exchangeFlt state 000001E4130DC618 000001E4130DC618
NativeFunction.Ctor exchangeStr state 000001E4130DC618 000001E4130DC618
NativeFunction.Ctor exchangeForm state 000001E4130DC618 000001E4130DC618
NativeFunction.Ctor exchangeObj state 000001E4130DC618 000001E4130DC618
NativeFunction.Ctor compareExchangeInt state 000001E4130DC618 000001E4130DC618
NativeFunction.Ctor compareExchangeFlt state 000001E4130DC618 000001E4130DC618
NativeFunction.Ctor compareExchangeStr state 000001E4130DC618 000001E4130DC618
NativeFunction.Ctor compareExchangeForm state 000001E4130DC618 000001E4130DC618
NativeFunction.Ctor compareExchangeObj state 000001E4130DC618 000001E4130DC618
NativeFunction.Ctor solveFlt state 000001E4130DC618 000001E4130DC618
NativeFunction.Ctor solveInt state 000001E4130DC618 000001E4130DC618
NativeFunction.Ctor solveStr state 000001E4130DC618 000001E4130DC618
NativeFunction.Ctor solveObj state 000001E4130DC618 000001E4130DC618
NativeFunction.Ctor solveForm state 000001E4130DC618 000001E4130DC618
NativeFunction.Ctor solveFltSetter state 000001E4130DC618 000001E4130DC618
NativeFunction.Ctor solveIntSetter state 000001E4130DC618 000001E4130DC618
NativeFunction.Ctor solveStrSetter state 000001E4130DC618 000001E4130DC618
NativeFunction.Ctor solveObjSetter state 000001E4130DC618 000001E4130DC618
NativeFunction.Ctor solveFormSetter state 000001E4130DC618 000001E4130DC618
NativeFunction.Ctor setObj state 000001E4130DC618 000001E4130DC618
NativeFunction.Ctor hasPath state 000001E4130DC618 000001E4130DC618
NativeFunction.Ctor allKeys state 000001E4130DC618 000001E4130DC618
NativeFunction.Ctor allValues state 000001E4130DC618 000001E4130DC618
NativeFunction.Ctor writeToFile state 000001E4130DC618 000001E4130DC618
NativeFunction.Ctor root state 000001E4130DC618 000001E4130DC618
NativeFunction.Ctor setEntry state 000001E4130DC618 000001E4130DC618
NativeFunction.Ctor makeEntry state 000001E4130DC618 000001E4130DC618
NativeFunction.Ctor findEntry state 000001E4130DC618 000001E4130DC618
NativeFunction.Ctor solveFlt state 000001E4130DC618 000001E4130DC618
NativeFunction.Ctor solveInt state 000001E4130DC618 000001E4130DC618
NativeFunction.Ctor solveStr state 000001E4130DC618 000001E4130DC618
NativeFunction.Ctor solveObj state 000001E4130DC618 000001E4130DC618
NativeFunction.Ctor solveForm state 000001E4130DC618 000001E4130DC618
NativeFunction.Ctor solveFltSetter state 000001E4130DC618 000001E4130DC618
NativeFunction.Ctor solveIntSetter state 000001E4130DC618 000001E4130DC618
NativeFunction.Ctor solveStrSetter state 000001E4130DC618 000001E4130DC618
NativeFunction.Ctor solveObjSetter state 000001E4130DC618 000001E4130DC618
NativeFunction.Ctor solveFormSetter state 000001E4130DC618 000001E4130DC618
NativeFunction.Ctor hasPath state 000001E4130DC618 000001E4130DC618
NativeFunction.Ctor allKeys state 000001E4130DC618 000001E4130DC618
NativeFunction.Ctor allValues state 000001E4130DC618 000001E4130DC618
NativeFunction.Ctor getInt state 000001E4130DC618 000001E4130DC618
NativeFunction.Ctor getFlt state 000001E4130DC618 000001E4130DC618
NativeFunction.Ctor getStr state 000001E4130DC618 000001E4130DC618
NativeFunction.Ctor getObj state 000001E4130DC618 000001E4130DC618
NativeFunction.Ctor getForm state 000001E4130DC618 000001E4130DC618
NativeFunction.Ctor setInt state 000001E4130DC618 000001E4130DC618
NativeFunction.Ctor setFlt state 000001E4130DC618 000001E4130DC618
NativeFunction.Ctor setStr state 000001E4130DC618 000001E4130DC618
NativeFunction.Ctor setObj state 000001E4130DC618 000001E4130DC618
NativeFunction.Ctor setForm state 000001E4130DC618 000001E4130DC618
NativeFunction.Ctor object state 000001E4130DC618 000001E4130DC618
NativeFunction.Ctor getInt state 000001E4130DC618 000001E4130DC618
NativeFunction.Ctor getFlt state 000001E4130DC618 000001E4130DC618
NativeFunction.Ctor getStr state 000001E4130DC618 000001E4130DC618
NativeFunction.Ctor getObj state 000001E4130DC618 000001E4130DC618
NativeFunction.Ctor getForm state 000001E4130DC618 000001E4130DC618
NativeFunction.Ctor setInt state 000001E4130DC618 000001E4130DC618
NativeFunction.Ctor setFlt state 000001E4130DC618 000001E4130DC618
NativeFunction.Ctor setStr state 000001E4130DC618 000001E4130DC618
NativeFunction.Ctor setObj state 000001E4130DC618 000001E4130DC618
NativeFunction.Ctor setForm state 000001E4130DC618 000001E4130DC618
NativeFunction.Ctor hasKey state 000001E4130DC618 000001E4130DC618
NativeFunction.Ctor valueType state 000001E4130DC618 000001E4130DC618
NativeFunction.Ctor allKeys state 000001E4130DC618 000001E4130DC618
NativeFunction.Ctor allKeysPArray state 000001E4130DC618 000001E4130DC618
NativeFunction.Ctor allValues state 000001E4130DC618 000001E4130DC618
NativeFunction.Ctor removeKey state 000001E4130DC618 000001E4130DC618
NativeFunction.Ctor count state 000001E4130DC618 000001E4130DC618
NativeFunction.Ctor clear state 000001E4130DC618 000001E4130DC618
NativeFunction.Ctor addPairs state 000001E4130DC618 000001E4130DC618
NativeFunction.Ctor nextKey state 000001E4130DC618 000001E4130DC618
NativeFunction.Ctor getNthKey state 000001E4130DC618 000001E4130DC618
NativeFunction.Ctor object state 000001E4130DC618 000001E4130DC618
NativeFunction.Ctor getInt state 000001E4130DC618 000001E4130DC618
NativeFunction.Ctor getFlt state 000001E4130DC618 000001E4130DC618
NativeFunction.Ctor getStr state 000001E4130DC618 000001E4130DC618
NativeFunction.Ctor getObj state 000001E4130DC618 000001E4130DC618
NativeFunction.Ctor getForm state 000001E4130DC618 000001E4130DC618
NativeFunction.Ctor setInt state 000001E4130DC618 000001E4130DC618
NativeFunction.Ctor setFlt state 000001E4130DC618 000001E4130DC618
NativeFunction.Ctor setStr state 000001E4130DC618 000001E4130DC618
NativeFunction.Ctor setObj state 000001E4130DC618 000001E4130DC618
NativeFunction.Ctor setForm state 000001E4130DC618 000001E4130DC618
NativeFunction.Ctor hasKey state 000001E4130DC618 000001E4130DC618
NativeFunction.Ctor valueType state 000001E4130DC618 000001E4130DC618
NativeFunction.Ctor allKeys state 000001E4130DC618 000001E4130DC618
NativeFunction.Ctor allKeysPArray state 000001E4130DC618 000001E4130DC618
NativeFunction.Ctor allValues state 000001E4130DC618 000001E4130DC618
NativeFunction.Ctor removeKey state 000001E4130DC618 000001E4130DC618
NativeFunction.Ctor count state 000001E4130DC618 000001E4130DC618
NativeFunction.Ctor clear state 000001E4130DC618 000001E4130DC618
NativeFunction.Ctor addPairs state 000001E4130DC618 000001E4130DC618
NativeFunction.Ctor nextKey state 000001E4130DC618 000001E4130DC618
NativeFunction.Ctor getNthKey state 000001E4130DC618 000001E4130DC618
NativeFunction.Ctor evalLuaFlt state 000001E4130DC618 000001E4130DC618
NativeFunction.Ctor evalLuaInt state 000001E4130DC618 000001E4130DC618
NativeFunction.Ctor evalLuaStr state 000001E4130DC618 000001E4130DC618
NativeFunction.Ctor evalLuaObj state 000001E4130DC618 000001E4130DC618
NativeFunction.Ctor evalLuaForm state 000001E4130DC618 000001E4130DC618
NativeFunction.Ctor setStr state 000001E4130DC618 000001E4130DC618
NativeFunction.Ctor setFlt state 000001E4130DC618 000001E4130DC618
NativeFunction.Ctor setInt state 000001E4130DC618 000001E4130DC618
NativeFunction.Ctor setForm state 000001E4130DC618 000001E4130DC618
NativeFunction.Ctor setObj state 000001E4130DC618 000001E4130DC618
NativeFunction.Ctor object state 000001E4130DC618 000001E4130DC618
NativeFunction.Ctor getInt state 000001E4130DC618 000001E4130DC618
NativeFunction.Ctor getFlt state 000001E4130DC618 000001E4130DC618
NativeFunction.Ctor getStr state 000001E4130DC618 000001E4130DC618
NativeFunction.Ctor getObj state 000001E4130DC618 000001E4130DC618
NativeFunction.Ctor getForm state 000001E4130DC618 000001E4130DC618
NativeFunction.Ctor setInt state 000001E4130DC618 000001E4130DC618
NativeFunction.Ctor setFlt state 000001E4130DC618 000001E4130DC618
NativeFunction.Ctor setStr state 000001E4130DC618 000001E4130DC618
NativeFunction.Ctor setObj state 000001E4130DC618 000001E4130DC618
NativeFunction.Ctor setForm state 000001E4130DC618 000001E4130DC618
NativeFunction.Ctor hasKey state 000001E4130DC618 000001E4130DC618
NativeFunction.Ctor valueType state 000001E4130DC618 000001E4130DC618
NativeFunction.Ctor allKeys state 000001E4130DC618 000001E4130DC618
NativeFunction.Ctor allKeysPArray state 000001E4130DC618 000001E4130DC618
NativeFunction.Ctor allValues state 000001E4130DC618 000001E4130DC618
NativeFunction.Ctor removeKey state 000001E4130DC618 000001E4130DC618
NativeFunction.Ctor count state 000001E4130DC618 000001E4130DC618
NativeFunction.Ctor clear state 000001E4130DC618 000001E4130DC618
NativeFunction.Ctor addPairs state 000001E4130DC618 000001E4130DC618
NativeFunction.Ctor nextKey state 000001E4130DC618 000001E4130DC618
NativeFunction.Ctor getNthKey state 000001E4130DC618 000001E4130DC618
NativeFunction.Ctor wrap state 000001E4130DC618 000001E4130DC618
NativeFunction.Ctor enableAPILog state 000001E4130DC618 000001E4130DC618
NativeFunction.Ctor retain state 000001E4130DC618 000001E4130DC618
NativeFunction.Ctor release state 000001E4130DC618 000001E4130DC618
NativeFunction.Ctor releaseAndRetain state 000001E4130DC618 000001E4130DC618
NativeFunction.Ctor releaseObjectsWithTag state 000001E4130DC618 000001E4130DC618
NativeFunction.Ctor zeroLifetime state 000001E4130DC618 000001E4130DC618
NativeFunction.Ctor addToPool state 000001E4130DC618 000001E4130DC618
NativeFunction.Ctor cleanPool state 000001E4130DC618 000001E4130DC618
NativeFunction.Ctor shallowCopy state 000001E4130DC618 000001E4130DC618
NativeFunction.Ctor deepCopy state 000001E4130DC618 000001E4130DC618
NativeFunction.Ctor isExists state 000001E4130DC618 000001E4130DC618
NativeFunction.Ctor isArray state 000001E4130DC618 000001E4130DC618
NativeFunction.Ctor isMap state 000001E4130DC618 000001E4130DC618
NativeFunction.Ctor isFormMap state 000001E4130DC618 000001E4130DC618
NativeFunction.Ctor isIntegerMap state 000001E4130DC618 000001E4130DC618
NativeFunction.Ctor empty state 000001E4130DC618 000001E4130DC618
NativeFunction.Ctor count state 000001E4130DC618 000001E4130DC618
NativeFunction.Ctor clear state 000001E4130DC618 000001E4130DC618
NativeFunction.Ctor readFromFile state 000001E4130DC618 000001E4130DC618
NativeFunction.Ctor readFromDirectory state 000001E4130DC618 000001E4130DC618
NativeFunction.Ctor objectFromPrototype state 000001E4130DC618 000001E4130DC618
NativeFunction.Ctor writeToFile state 000001E4130DC618 000001E4130DC618
NativeFunction.Ctor solvedValueType state 000001E4130DC618 000001E4130DC618
NativeFunction.Ctor hasPath state 000001E4130DC618 000001E4130DC618
NativeFunction.Ctor solveFlt state 000001E4130DC618 000001E4130DC618
NativeFunction.Ctor solveInt state 000001E4130DC618 000001E4130DC618
NativeFunction.Ctor solveStr state 000001E4130DC618 000001E4130DC618
NativeFunction.Ctor solveObj state 000001E4130DC618 000001E4130DC618
NativeFunction.Ctor solveForm state 000001E4130DC618 000001E4130DC618
NativeFunction.Ctor solveFltSetter state 000001E4130DC618 000001E4130DC618
NativeFunction.Ctor solveIntSetter state 000001E4130DC618 000001E4130DC618
NativeFunction.Ctor solveStrSetter state 000001E4130DC618 000001E4130DC618
NativeFunction.Ctor solveObjSetter state 000001E4130DC618 000001E4130DC618
NativeFunction.Ctor solveFormSetter state 000001E4130DC618 000001E4130DC618
NativeFunction.Ctor evalLuaFlt state 000001E4130DC618 000001E4130DC618
NativeFunction.Ctor evalLuaInt state 000001E4130DC618 000001E4130DC618
NativeFunction.Ctor evalLuaStr state 000001E4130DC618 000001E4130DC618
NativeFunction.Ctor evalLuaObj state 000001E4130DC618 000001E4130DC618
NativeFunction.Ctor evalLuaForm state 000001E4130DC618 000001E4130DC618
Registering functions finished in 0.011000 sec
Revert started
Revert finished in 0.000000 sec
Load started
Garbage collection started
0 garbage objects collected. 0 objects are parts of cyclic graphs
Garbage collection finished in 0.000000 sec
Default domain
1553 objects total
1552 public objects
0 objects in aqueue
Load finished in 0.007000 sec
