Loading Version: 39
Init...
Plugin::InitPlugin() - 1
-done
Registering functions...
-done
Storage Reverting...
	 - Mod List
	 - StorageUtil: Values
	 - StorageUtil: Lists
	 - Package Overrides
	 - JSON Files
	 - Re-Init
Done!

Storage Loading...
	PLGN Load
Loading plugin list:
	(0 -> 0)	Skyrim.esm
	(1 -> 1)	Update.esm
	(2 -> 2)	Dawnguard.esm
	(3 -> 3)	HearthFires.esm
	(4 -> 4)	Dragonborn.esm
	(5 -> 5)	3DNPC.esp
	(6 -> 6)	Forgotten DungeonsSSE.esm
	(7 -> 7)	HammetDungeons.esm
	(8 -> 8)	Unofficial Skyrim Special Edition Patch.esp
	(9 -> 9)	SMSkyrim.esp
	(10 -> 10)	DynDOLOD.esm
	(1040384 -> 1040384)	UHDAP - en0.esp
	(1040385 -> 1040385)	UHDAP - en1.esp
	(1040386 -> 1040386)	UHDAP - en2.esp
	(1040387 -> 1040387)	UHDAP - en3.esp
	(1040388 -> 1040388)	UHDAP - en4.esp
	(1040389 -> 1040389)	UHDAP - MusicHQ.esp
	(11 -> 11)	Campfire.esm
	(1040390 -> 1040390)	Vanilla Script MicroOptimizations.esl
	(12 -> 12)	MajesticMountains_Landscape.esm
	(13 -> 13)	FISS.esp
	(14 -> 14)	Heels Sound.esm
	(15 -> 15)	SexLab.esm
	(16 -> 16)	SexLabAroused.esm
	(17 -> 17)	ZaZAnimationPack.esm
	(18 -> 18)	SexLab - Sexual Fame [SLSF].esm
	(19 -> 19)	Schlongs of Skyrim - Core.esm
	(20 -> 20)	GenderBender.esm
	(1040391 -> 1040391)	ClassicClassesReimagined.esm
	(21 -> 21)	CreatureFramework.esm
	(22 -> 22)	Whiterun Forest Borealis Lightweight.esp
	(1040392 -> 1040392)	ELOS Oaks Mixed Greens SSE.esl
	(23 -> 23)	High Poly Head.esm
	(24 -> 24)	Devious Devices - Assets.esm
	(25 -> 25)	Devious Devices - Integration.esm
	(26 -> 26)	Devious Devices - Expansion.esm
	(27 -> 27)	Devious Devices - Contraptions.esm
	(1040393 -> 1040393)	MajesticMountains_Moss.esp
	(1040394 -> 1040394)	CC'sEnhancedOreVeinsSSE-HearthfirePatch.esl
	(1040395 -> 1040395)	Expressive Facegen Morphs.esl
	(1040396 -> 1040396)	High Quality Tintmasks.esp
	(1040397 -> 1040397)	hdtHighHeel.esm
	(28 -> 28)	Apachii_DivineEleganceStore.esm
	(29 -> 29)	Diverse Random NormalAttack.esp
	(1040398 -> 1040398)	BetterContainerControls.esl
	(1040399 -> 1040399)	AHZmoreHUD.esl
	(1040400 -> 1040400)	iWant Widgets.esl
	(1040401 -> 1040401)	NoSillyPhysicsDamage.esl
	(1040402 -> 1040402)	IHarvest.esl
	(1040403 -> 1040403)	SleepTight.esl
	(1040404 -> 1040404)	RASS - Visual Effects.esl
	(1040405 -> 1040405)	Beards of Power.esp
	(1040406 -> 1040406)	SkyUI_SE.esp
	(30 -> 30)	SkyrimUnhinged.esp
	(31 -> 31)	TKDodge.esp
	(32 -> 32)	Convenient Horses.esp
	(33 -> 33)	OBIS SE.esp
	(34 -> 34)	OBIS SE Patrols Addon.esp
	(35 -> 35)	TheChoiceIsYours.esp
	(36 -> 36)	dD - Enhanced Blood Main LITE.esp
	(37 -> 37)	TrueStormsSE.esp
	(38 -> 38)	Obsidian Weathers.esp
	(39 -> 39)	SMIM-SE-Merged-All.esp
	(40 -> 40)	Gildergreen Regrown.esp
	(41 -> 41)	FNIS.esp
	(1040407 -> 1040407)	Dragon Stalking Fix.esp
	(1040408 -> 1040408)	CrittersAintSnitches.esp
	(1040409 -> 1040409)	NoBSAIProjectileDodge.esp
	(1040410 -> 1040410)	dD-No Spinning Death Animation.esp
	(42 -> 42)	RaceMenu.esp
	(43 -> 43)	RaceMenuPlugin.esp
	(44 -> 44)	UIExtensions.esp
	(1040411 -> 1040411)	Fixed body collision.esp
	(45 -> 45)	PyP_Legendary.esp
	(1040412 -> 1040412)	NotificationLog.esp
	(1040413 -> 1040413)	Believable Crime Report Radius.esp
	(1040414 -> 1040414)	FastTravelSpeedMultiplier.esp
	(1040415 -> 1040415)	Move it Dammit.esp
	(1040416 -> 1040416)	No More Standing Too Close SSE 1-0.esp
	(46 -> 46)	Schlongs of Skyrim.esp
	(47 -> 47)	SOS - Smurf Average Addon.esp
	(48 -> 48)	SOS - VectorPlexus Regular Addon.esp
	(49 -> 49)	SLAnimLoader.esp
	(50 -> 50)	SLAL_AnimationsByLeito.esp
	(1040417 -> 1040417)	SLAL_AnimationByBakaFactory.esp
	(51 -> 51)	MoreNastyCritters.esp
	(1040418 -> 1040418)	VexAnimNotMonsterSE.esp
	(1040419 -> 1040419)	BakaFactoryABC.esp
	(52 -> 52)	SexLabTools.esp
	(53 -> 53)	DepthsOfSkyrim.esp
	(54 -> 54)	Treeswinedave.esp
	(55 -> 55)	SLO_StoneWalls.esp
	(56 -> 56)	Ashbound.esp
	(57 -> 57)	SpiceOfLife - OrcLStrongholds.esp
	(58 -> 58)	Water for ENB.esp
	(1040420 -> 1040420)	DIS_Replacer.esp
	(59 -> 59)	EmbersHD.esp
	(60 -> 60)	Improved Shadowmarks.esp
	(61 -> 61)	fallentreebridgesSSE.esp
	(1040421 -> 1040421)	Apachii_DivineEleganceStore_Patch.esp
	(1040422 -> 1040422)	Cut the Crap! - Divine Elegance.esp
	(62 -> 62)	[SunJeong] Ninirim Collection.esp
	(63 -> 63)	Whiterun Trees Overhaul.esp
	(64 -> 64)	NoOverpenetration.esp
	(1040423 -> 1040423)	3BBB.esp
	(1040424 -> 1040424)	CBBE.esp
	(1040425 -> 1040425)	ERF - Futanari CBBE - Equippable.esp
	(1040426 -> 1040426)	RaceMenuMorphsCBBE.esp
	(65 -> 65)	SOS - ERF - Futanari CBBE - Addon.esp
	(1040427 -> 1040427)	SOSRaceMenu.esp
	(66 -> 66)	XPMSE.esp
	(1040428 -> 1040428)	Cathedral - Rocky Shores.esp
	(67 -> 67)	Better Dynamic Snow.esp
	(1040429 -> 1040429)	BlendedRoads.esp
	(1040430 -> 1040430)	S3DRocks.esp
	(1040431 -> 1040431)	MajesticMountains.esp
	(1040432 -> 1040432)	Kyne's Grass.esp
	(1040433 -> 1040433)	Northern Pine Forest Grass.esp
	(68 -> 68)	Better Dynamic Ash.esp
	(69 -> 69)	Aequinoctium Addon for Obsidian.esp
	(70 -> 70)	True Storms - Obsidian Weathers - Patch .esp
	(71 -> 71)	DarkerNights.esp
	(1040434 -> 1040434)	DustEffectsSSE.esp
	(1040435 -> 1040435)	Flame Meshes Patch.esp
	(1040436 -> 1040436)	DeadlySpellImpacts.esp
	(1040437 -> 1040437)	Frost Meshes Patch.esp
	(1040438 -> 1040438)	SparklesSE.esp
	(72 -> 72)	Raven Rock - Fix Exit on Horseback.esp
	(73 -> 73)	blubbos_trees_in_whiterun.esp
	(74 -> 74)	PilgrimsDelight.esp
	(75 -> 75)	BentPines.esp
	(1040439 -> 1040439)	Reach Tree Replacer Summer.esp
	(1040440 -> 1040440)	DeadShrubReplacer.esp
	(76 -> 76)	KrittaKittyHorsesForSSE.esp
	(1040441 -> 1040441)	GDOS - Splendid Mechanized Dwemer Door.esp
	(1040442 -> 1040442)	RUSTIC SOULGEMS - Sorted - ESL.esp
	(77 -> 77)	JS Barenziah SE - Johnskyrim.esp
	(1040443 -> 1040443)	Skyrim Remastered - Glaciers and Ice.esp
	(1040444 -> 1040444)	Enhanced Vanilla Trees SSE.esp
	(78 -> 78)	Outfits Merged.esp
	(79 -> 79)	Lingerie Set.esp
	(1040445 -> 1040445)	Daring_Gigaduex_Outfit.esp
	(1040446 -> 1040446)	DNDDC Daring GigaDuex Patch.esp
	(80 -> 80)	TERAArmorsSSE.esp
	(1040447 -> 1040447)	BarbarianPaints.esp
	(81 -> 81)	Beards.esp
	(1040448 -> 1040448)	CommunityOverlays1_0T30.esp
	(1040449 -> 1040449)	CommunityOverlays2_31T50.esp
	(1040450 -> 1040450)	CommunityOverlays3.esp
	(82 -> 82)	Sunstarved_Tanlines.esp
	(1040451 -> 1040451)	Lamenthia's Marks of Beauty.esp
	(83 -> 83)	Lupine_YyvengarBodypaints.esp
	(1040452 -> 1040452)	FMS_FemaleMakeupSuite.esp
	(84 -> 84)	Kala_Eyes.esp
	(85 -> 85)	KS Hairdo's.esp
	(1040453 -> 1040453)	Kyoe BanginBrows.esp
	(86 -> 86)	NB-Scars.esp
	(1040454 -> 1040454)	Sakora's Make Over Kit for SKSE64.esp
	(1040455 -> 1040455)	SFO_SkinFeatureOverlays.esp
	(1040456 -> 1040456)	Sheps_Male_Tattoo_Collection.esp
	(1040457 -> 1040457)	Sheps_Tattoo_Collection.esp
	(87 -> 87)	TheEyesOfBeauty.esp
	(1040458 -> 1040458)	VWA_VanillaWarpaintsAbsolution.esp
	(1040459 -> 1040459)	Wolfpaint_Face.esp
	(1040460 -> 1040460)	Lupine_ZiovendianBodypaints.esp
	(1040461 -> 1040461)	WNB_WeatheredNordicBodypaints.esp
	(88 -> 88)	QuickLight.esp
	(1040462 -> 1040462)	fallenbridgesSSE-Patch.esp
	(1040463 -> 1040463)	FSA_FindingSusannaAlive.esp
	(89 -> 89)	SLALAnimObjBillyy.esp
	(1040464 -> 1040464)	Cathedral Dynamic Snow.esp
	(90 -> 90)	BleakFallsBarrowRevisited.esp
	(91 -> 91)	EmbershardMineRevisited.esp
	(92 -> 92)	SteepfallBurrowRevisited.esp
	(93 -> 93)	UstengravRevisited.esp
	(94 -> 94)	HaltedStreamCampRevisited.esp
	(95 -> 95)	WhiteRiverWatchRevisited.esp
	(96 -> 96)	ENB Light.esp
	(1040465 -> 1040465)	Arena.esp
	(97 -> 97)	BladeAndBlunt.esp
	(98 -> 98)	Manbeast.esp
	(1040466 -> 1040466)	SkyRem - Ava.esp
	(99 -> 99)	SkyRem - Elsa.esp
	(1040467 -> 1040467)	HVBodyPaints.esp
	(100 -> 100)	SkyRem - Eve.esp
	(101 -> 101)	SkyRem - Gabi.esp
	(102 -> 102)	GIST soul trap.esp
	(1040468 -> 1040468)	GIST-RusticSoulGems-patch.esp
	(1040469 -> 1040469)	Improved Traps.esp
	(103 -> 103)	Morrowloot Miscellania - Item Distribution.esp
	(1040470 -> 1040470)	Morrowloot Miscellania - Hybrid Loot.esp
	(1040471 -> 1040471)	Easter Egg 1.esp
	(104 -> 104)	Easter Egg 2.esp
	(105 -> 105)	Easter Egg 3.esp
	(1040472 -> 1040472)	Easter Egg 4.esp
	(106 -> 106)	Artful Dodger - Dynamic Pickpocket Cap.esp
	(1040473 -> 1040473)	VampireLordsCanActivate.esp
	(1040474 -> 1040474)	Dragon Claws Auto-Unlock.esp
	(107 -> 107)	SmartCast_1_0.esp
	(108 -> 108)	Elemental Destruction Magic Redux.esp
	(109 -> 109)	EasierRidersDungeonPackSSE.esp
	(110 -> 110)	Vominheim.esp
	(111 -> 111)	Immersive Wenches.esp
	(1040475 -> 1040475)	Immersive Wenches -KS hairs- Patch.esp
	(112 -> 112)	Lock_Overhaul.esp
	(113 -> 113)	CT_AskToShowRoom.esp
	(114 -> 114)	TrueArmor.esp
	(115 -> 115)	SimplyBalanced.esp
	(1040476 -> 1040476)	Modern Brawl Bug Fix.esp
	(1040477 -> 1040477)	Devious Devices - BRRF.esp
	(1040478 -> 1040478)	Devious Devices SE patch.esp
	(116 -> 116)	TimingIsEverything.esp
	(117 -> 117)	Deviously Cursed Loot.esp
	(118 -> 118)	EstrusChaurus.esp
	(119 -> 119)	EstrusSpider.esp
	(120 -> 120)	SLSO.esp
	(121 -> 121)	DynamicDungeonLoot.esp
	(122 -> 122)	GOLD.esp
	(123 -> 123)	Complete Alchemy & Cooking Overhaul.esp
	(124 -> 124)	NarrativeLoot Complete.esp
	(125 -> 125)	SimplyKnock.esp
	(126 -> 126)	The Amazing World of Bikini Armors REMASTERED.esp
	(127 -> 127)	Frostfall.esp
	(128 -> 128)	Hunterborn.esp
	(129 -> 129)	iHUD.esp
	(1040479 -> 1040479)	Hunterborn - Campfire Patch.esp
	(1040480 -> 1040480)	Hunterborn_CACO-SE_Patch.esp
	(130 -> 130)	NFF-SOTW Animal Patch.esp
	(131 -> 131)	SkillsOfTheWild.esp
	(132 -> 132)	SOTW_NoSenseDirectionAnimation.esp
	(133 -> 133)	AMatterOfTime.esp
	(134 -> 134)	RealisticNeedsandDiseases.esp
	(1040481 -> 1040481)	iWant Status Bars.esp
	(1040482 -> 1040482)	iWant Frostfall Widgets.esp
	(135 -> 135)	iWant RND Widgets.esp
	(136 -> 136)	iWant RND for CACO.esp
	(1040483 -> 1040483)	iWant RND for CACO with Dynamic Water.esp
	(137 -> 137)	iWant RND for CACO with Dynamic Food.esp
	(1040484 -> 1040484)	LessIntrusiveHUD.esp
	(138 -> 138)	Extended UI.esp
	(1040485 -> 1040485)	TAWOBA Remastered Leveled List.esp
	(139 -> 139)	LootandDegradation.esp
	(140 -> 140)	GlevLoadScreens.esp
	(141 -> 141)	Point The Way.esp
	(142 -> 142)	animal_mansion.esp
	(143 -> 143)	Clockwork.esp
	(144 -> 144)	SexLab-Parasites.esp
	(145 -> 145)	AnimatedParasites.esp
	(146 -> 146)	SexLab-AmorousAdventures.esp
	(147 -> 147)	TBOS.esp
	(148 -> 148)	CFTO.esp
	(1040486 -> 1040486)	SMSkyrim - Meshes.esp
	(149 -> 149)	TakeNotes.esp
	(150 -> 150)	Wintersun - Faiths of Skyrim.esp
	(151 -> 151)	00MarzWindhelmHome.esp
	(152 -> 152)	Gleamblossom Hollow.esp
	(153 -> 153)	JK's Riverfall Cottage.esp
	(154 -> 154)	LrsamwaysPinewoodManor.esp
	(155 -> 155)	Niflholm.esp
	(156 -> 156)	RedspireManor.esp
	(157 -> 157)	RiversideShack.esp
	(158 -> 158)	Zulfardin, the Wretched Hive.esp
	(159 -> 159)	Zulfardin - Wintersun Patch.esp
	(160 -> 160)	sr_FillHerUp.esp
	(161 -> 161)	Audio Overhaul Skyrim.esp
	(162 -> 162)	Immersive Sounds - Compendium.esp
	(1040487 -> 1040487)	AOS_ISC_Integration.esp
	(163 -> 163)	ArteFake.esp
	(1040488 -> 1040488)	TES_Castle.esp
	(1040489 -> 1040489)	TES_Combat.esp
	(1040490 -> 1040490)	TES_Dungeon-Atmos.esp
	(1040491 -> 1040491)	TES_Dungeon-Melodic.esp
	(1040492 -> 1040492)	TES_Explore.esp
	(1040493 -> 1040493)	TES_Tavern.esp
	(1040494 -> 1040494)	TES_Town.esp
	(1040495 -> 1040495)	Paper UI Sounds.esp
	(164 -> 164)	MilkModNEW.esp
	(165 -> 165)	MilkModNEW CF.esp
	(166 -> 166)	MilkModNEW HF.esp
	(167 -> 167)	MilkMod_MilkPumpsFancy.esp
	(168 -> 168)	Milk Addict.esp
	(169 -> 169)	MF_RadiantProstitution.esp
	(170 -> 170)	Nykal Vampire follower.esp
	(171 -> 171)	ERF - Ceraph.esp
	(172 -> 172)	VR_Tannick.esp
	(1040496 -> 1040496)	Cerri.esp
	(173 -> 173)	LadyMiraak.esp
	(174 -> 174)	MiraakFollower.esp
	(175 -> 175)	RosaFollower.esp
	(176 -> 176)	zMirai.esp
	(1040497 -> 1040497)	3DNPC Alternative Locations.esp
	(177 -> 177)	SnoipehMoreCreatures.esp
	(1040498 -> 1040498)	Cuyima 3DNPC - Redone.esp
	(178 -> 178)	MiraiRenewal.esp
	(1040499 -> 1040499)	Mirai Clothing Fixes.esp
	(179 -> 179)	SexyStartingOptions.esp
	(180 -> 180)	NotSoFast-MainQuest.esp
	(181 -> 181)	NotSoFast-MageGuild.esp
	(182 -> 182)	SL Survival.esp
	(183 -> 183)	Trade & Barter.esp
	(184 -> 184)	nwsFollowerFramework.esp
	(1040500 -> 1040500)	SmartNoMoreStupidDog.esp
	(185 -> 185)	Miri_Follower.esp
	(1040501 -> 1040501)	RealisticRoomRental-Basic.esp
	(186 -> 186)	ExtendedStay.esp
	(187 -> 187)	Atlas Map Markers.esp
	(188 -> 188)	1nivWICCloaks.esp
	(189 -> 189)	DSerArcheryGameplayOverhaul.esp
	(190 -> 190)	DeadlyDragons.esp
	(191 -> 191)	Realistic AI Detection 2 SE - Medium Interior, Medium Exterior.esp
	(192 -> 192)	SimpleSlavery.esp
	(193 -> 193)	Thieves Guild Requirements.esp
	(1040502 -> 1040502)	ReadingIsGood.esp
	(194 -> 194)	Cloaks.esp
	(1040503 -> 1040503)	Cloaks - USSEP Patch.esp
	(195 -> 195)	Cloaks - Dawnguard.esp
	(196 -> 196)	Awesome Artifacts.esp
	(1040504 -> 1040504)	Awesome Artifacts - AOS Patch.esp
	(1040505 -> 1040505)	Awesome Artifacts - ArteFakes Patch.esp
	(1040506 -> 1040506)	Awesome Artifacts - Generalized Patch for Perk Overhauls and Vokrii.esp
	(1040507 -> 1040507)	Awesome Artifacts - ISC Patch.esp
	(197 -> 197)	PAN_Azuk.esp
	(198 -> 198)	PAN_Vimar.esp
	(1040508 -> 1040508)	ShandarStandaloneFollowerCore.esp
	(1040509 -> 1040509)	ShandarStandaloneFollower.esp
	(1040510 -> 1040510)	Tiwa44_SGMD_CBBE_1_4.esp
	(199 -> 199)	Ghaan Revealing Outfit Craftable.esp
	(1040511 -> 1040511)	1nivWICSkyCloaksPatch.esp
	(200 -> 200)	opmfgconsole.esp
	(201 -> 201)	pantiesofskyrim.esp
	(202 -> 202)	Devious Cidhna.esp
	(203 -> 203)	SLSFFameComments.esp
	(204 -> 204)	SexLab Confabulation.esp
	(205 -> 205)	SexLab_Solutions.esp
	(206 -> 206)	SexLab Confabulation - TCIY Patch.esp
	(207 -> 207)	SexLab Confabulation - Solutions Patch.esp
	(208 -> 208)	SkyrimSewers.esp
	(209 -> 209)	Aetherius.esp
	(1040512 -> 1040512)	Perk-HandToHand.esp
	(210 -> 210)	HarderLockPicking.esp
	(211 -> 211)	Vokrii - Minimalistic Perks of Skyrim.esp
	(1040513 -> 1040513)	Arbor Philosophorum - Alchemy Perk Tree.esp
	(1040514 -> 1040514)	Wild Concoctions.esp
	(212 -> 212)	Spell Tutor.esp
	(1040515 -> 1040515)	Grabbing owned Items Is Stealing.esp
	(1040516 -> 1040516)	Releasing Clutter on NPCs Cause Damage.esp
	(1040517 -> 1040517)	No Easy Bloodkin.esp
	(1040518 -> 1040518)	Spell Tutor - PerkReq for Vokrii.esp
	(213 -> 213)	Odin - Skyrim Magic Overhaul.esp
	(214 -> 214)	Odin - Vokrii Compatibility Patch.esp
	(215 -> 215)	Scion.esp
	(216 -> 216)	Mundus.esp
	(217 -> 217)	Werewolves.esp
	(218 -> 218)	OnlyOnce.esp
	(1040519 -> 1040519)	Helps To Have A Map.esp
	(219 -> 219)	MonsterLipSync1.esp
	(220 -> 220)	MoreBanditCamps.esp
	(1040520 -> 1040520)	KSHairForMBC.esp
	(221 -> 221)	DeviousFollowers.esp
	(1040521 -> 1040521)	Qw_3DNPC_USSEP Patch.esp
	(1040522 -> 1040522)	Qw_CACO_3DNPC Patch.esp
	(1040523 -> 1040523)	Qw_CACO_AOS Patch.esp
	(1040524 -> 1040524)	Qw_DeadlySpellImpacts_AOS Patch.esp
	(1040525 -> 1040525)	Qw_DeadlySpellImpacts_ISC Patch.esp
	(222 -> 222)	EggFactory.esp
	(1040526 -> 1040526)	High Poly NPC Overhaul - Resources.esp
	(1040527 -> 1040527)	High Poly NPC Overhaul - Skyrim Special Edition.esp
	(1040528 -> 1040528)	[xPatch] High Poly NPC Overhaul - Skyrim Special Edition - OBIS SE.esp
	(223 -> 223)	NPC VO Merged.esp
	(224 -> 224)	BattleFuck.esp
	(1040529 -> 1040529)	sztkUtil.esp
	(1040530 -> 1040530)	BattleFuckSLSOPatch.esp
	(1040531 -> 1040531)	Dual Wield Parrying_SKSE.esp
	(1040532 -> 1040532)	Wintersun - SexLab Integration.esp
	(1040533 -> 1040533)	WintersunSLI - DD expansion.esp
	(225 -> 225)	MuKneeFix.esp
	(1040534 -> 1040534)	DwemerGatesNoRelock.esp
	(1040535 -> 1040535)	PetTheDog.esp
	(1040536 -> 1040536)	Anuketh Godessess Pack.esp
	(1040537 -> 1040537)	FZmx - PATCH - Maids II - 3DNPC.esp
	(1040538 -> 1040538)	SMSSkyrimSexLabPatch.esp
	(226 -> 226)	WayshrinesIFT.esp
	(227 -> 227)	suspiciouscityguards.esp
	(228 -> 228)	Dynamic TimeScale.esp
	(229 -> 229)	PowersKeyring.esp
	(1040539 -> 1040539)	NinirimOverride.esp
	(230 -> 230)	FurnitureMarkerSex.esp
	(1040540 -> 1040540)	TrueDirectionalMovement.esp
	(1040541 -> 1040541)	ReducedInnStalking 3DNPC compatible.esp
	(1040542 -> 1040542)	Sleep to Level Up.esp
	(1040543 -> 1040543)	StLU - Immersive Level Up Message.esp
	(1040544 -> 1040544)	WiZkiD Signs - Interesting NPC patch.esp
	(231 -> 231)	AlternatePerspective.esp
	(232 -> 232)	TransformativeElixirs.esp
	(1040545 -> 1040545)	CACO TFE Patch.esp
	(1040546 -> 1040546)	AP-SoldOut.esp
	(1040547 -> 1040547)	SLWidgets.esp
	(233 -> 233)	JKs Skyrim.esp
	(1040548 -> 1040548)	JKs Skyrim_Clockwork_Patch.esp
	(1040549 -> 1040549)	JKs Skyrim_Mirai_Patch.esp
	(234 -> 234)	MilkModNEWJKSkyrimPatch.esp
	(1040550 -> 1040550)	CFTO-JK-Patch.esp
	(235 -> 235)	DNDDC Patches Merged.esp
	(1040551 -> 1040551)	DNDDC AP NPC Fixes.esp
	(1040552 -> 1040552)	DNDDC_Alternative_Perspective_Start_Cost_Patch.esp
	(1040553 -> 1040553)	DNDDC Goddesses Patch.esp
	(1040554 -> 1040554)	DNDDC Celes Nightingale Fix.esp
	(236 -> 236)	Lux.esp
	(1040555 -> 1040555)	DNDDC_WaterIsFreePatch.esp
	(1040556 -> 1040556)	DNDDC_DivineEleganceOwnershipPatch.esp
	(1040557 -> 1040557)	DNDDC_TripleMapMarkerFix.esp
	(1040558 -> 1040558)	Lux - BleakFalls Barrow patch.esp
	(1040559 -> 1040559)	Lux - Embershard Mine patch.esp
	(1040560 -> 1040560)	Lux - Halted Stream Camp patch.esp
	(1040561 -> 1040561)	Lux - Steepfall Burrow patch.esp
	(1040562 -> 1040562)	Lux - Ustengrav Revisited patch.esp
	(1040563 -> 1040563)	Lux - WhiteRiver Watch patch.esp
	(1040564 -> 1040564)	Lux - 3DNPC patch.esp
	(1040565 -> 1040565)	Lux - JK's Riverfall Cottage patch.esp
	(1040566 -> 1040566)	Lux - Zulfardin patch.esp
	(1040567 -> 1040567)	Lux - EasierRiders Dungeon Pack patch.esp
	(1040568 -> 1040568)	SkyRem - Iris.esp
	(1040569 -> 1040569)	DNDDC_CellSettings_patch.esp
	(237 -> 237)	DNDDC MCM Automation.esp
	(238 -> 238)	DynDOLOD.esp
	(1040570 -> 1040570)	Occlusion.esp
	(1040571 -> 1040571)	Paper Maps - Vanilla.esp
	(1040572 -> 1040572)	JaxonzMCMKicker.esp
	(239 -> 239)	AddItemMenuSE.esp
	(240 -> 240)	SlaveTats.esp
	(241 -> 241)	Apropos2.esp
	(1040573 -> 1040573)	SexlabLightMeUp.esp
	(242 -> 242)	SLA Monitor Widget.esp
	(1040574 -> 1040574)	Campfire Fixation-SE 1.6.esp
	(243 -> 243)	SexLab TDF Aggressive Prostitution.esp
	(1040575 -> 1040575)	TDF_AP_IndHookersPlug_In.esp
	(1040576 -> 1040576)	SmartTraining.esp
	(1040577 -> 1040577)	MF_SpectatorCrowds.esp
	(1040578 -> 1040578)	SexlabAmmoUnequip.esp
	(1040579 -> 1040579)	SexlabTransparentSex.esp
	(1040580 -> 1040580)	Tentapalooza.esp
	(1040581 -> 1040581)	COW_Girl.esp
	(1040582 -> 1040582)	00marzHearthfireLumberReq.esp
	(1040583 -> 1040583)	Firewoodnlockpicks.esp
	(1040584 -> 1040584)	SimpleSlavery_VoicePatch.esp
	(1040585 -> 1040585)	SimpleSlavery_Voices1.esp
	(1040586 -> 1040586)	MilkModNEW_Voices1.esp
	(1040587 -> 1040587)	MF_SpectatorCrowds_Voices1.esp
	(1040588 -> 1040588)	sr_FillHerUp_Voices1.esp
	(1040589 -> 1040589)	Additions Conflicts Resolver.esp
	(1040590 -> 1040590)	Spank That Ass - Butter And Animal Fat Balm.esp
	(1040591 -> 1040591)	Spank That Ass.esp
	(1040592 -> 1040592)	SexLabMatchMaker.esp
	(1040593 -> 1040593)	Femmequins.esp
	(1040594 -> 1040594)	AnubAnimObj.esp
	(1040595 -> 1040595)	DogmaAnimSLAL.esp
	(1040596 -> 1040596)	FlufyFoxAnimObjects.esp
	(1040597 -> 1040597)	SLAL_K4Anims.esp
	(1040598 -> 1040598)	SLALAnimObj.esp
	(1040599 -> 1040599)	SLAL_AnimObj_Nymra.esp
	(1040600 -> 1040600)	PsycheAnimationObjects.esp
	(1040601 -> 1040601)	NibblesAnimObjects.esp
	(1040602 -> 1040602)	SLAL_ProxyAnimObjects.esp
	(1040603 -> 1040603)	SLAL_SHanimAnimObj.esp
	(1040604 -> 1040604)	3jiouAnimSLAL.esp
	(1040605 -> 1040605)	SexLab sslAnimationSlots 2000.esp
	(1040606 -> 1040606)	SimpleCampfireAdditions.esp
	(1040607 -> 1040607)	MassMatchMakerSE.esp
	(1040608 -> 1040608)	nhaSimpleSexing.esp
	(1040609 -> 1040609)	Sexlab - Cum Overlays.esp
	(1040610 -> 1040610)	LFox Better Thieves Guild Practice Locks.esp
	(1040611 -> 1040611)	PickUpBooksSimple.esp
	(1040612 -> 1040612)	Administer Potions - Food Patch.esp
	(1040613 -> 1040613)	Administer Potions.esp
	(1040614 -> 1040614)	noCamColl_2_SE.esp
	(1040615 -> 1040615)	DD_Helpers.esp
	(1040616 -> 1040616)	TRX - FlashEater.esp
	(1040617 -> 1040617)	WetFunction.esp
	(1040618 -> 1040618)	Cumshot.esp
	(1040619 -> 1040619)	CumshotSL.esp
	(1040620 -> 1040620)	Patches.esp
	(1040621 -> 1040621)	SOS - Grower - Extended.esp
	(244 -> 244)	EtR_HearthfireDungeonAddon.esp
	(1040622 -> 1040622)	Patches2.esp
	(1040623 -> 1040623)	AutomaticItemStorage.esp
	(1040624 -> 1040624)	Mystic Condenser.esp
	(1040625 -> 1040625)	MC_CACO_Consistency_Patch.esp
	(1040626 -> 1040626)	JaxonzRenamer.esp
	(1040627 -> 1040627)	LeveledItemsLevelWithYou.esp
	(1040628 -> 1040628)	GoToBed-Hunterborn-patch.esp
	(1040629 -> 1040629)	GoToBed-RealisticNeedsandDiseases-patch.esp
	(1040630 -> 1040630)	GoToBed.esp
	(1040631 -> 1040631)	SleepForMeNow.esp
	(1040632 -> 1040632)	SIL_SleepForMeNow.esp
	(1040633 -> 1040633)	Sleep in Lingerie.esp
	(1040634 -> 1040634)	SIL_NaughtyLydia.esp
	(1040635 -> 1040635)	Lady Jasmine.esp
	(1040636 -> 1040636)	Minou Aradia Lingerie Dress.esp
	(1040637 -> 1040637)	QwibLantern.esp
	(1040638 -> 1040638)	ClockworkPlantableAddon.esp
	(1040639 -> 1040639)	ClockworkBugFixes.esp
	(1040640 -> 1040640)	ClockworkHPPMergedFixes.esp
	(1040641 -> 1040641)	ClockworkInterestingInhabitants.esp
	(1040642 -> 1040642)	ClockworkShadowmarksMerged.esp
	(1040643 -> 1040643)	ClockworkSuperiorSorting.esp
	(1040644 -> 1040644)	Sleepwear.esp
	(1040645 -> 1040645)	EVGConditionalIdles.esp
	(1040646 -> 1040646)	DW.esp
	INTV Load
	- objects: 221
	FLOV Load
	- objects: 73
	STRV Load
	- objects: 1
	FORV Load
	- objects: 43
	INTL Load
	- objects: 1
	FLOL Load
	- objects: 3
	STRL Load
	- objects: 38
	FORL Load
	- objects: 50
	PKGO Load
	- objects: 12
Done!

JSON Loading: Data/SKSE/Plugins/StorageUtilData//SLSO/Config.json
JSON Loading: Data/SKSE/Plugins/StorageUtilData/../SimplyKnockData/common.json
dir: data\TEXTURES\Actors\Character\WetFunction\ ext: .dds
JSON Loading: Data/SKSE/Plugins/StorageUtilData/iWant RND for CACO/Dynamic Food/database.json
JSON Loading: Data/SKSE/Plugins/StorageUtilData//MME/MME_SOS.json
JSON: File does not exist, init empty root object...
JSON Loading: Data/SKSE/Plugins/StorageUtilData//MME/RND.json
JSON Loading: Data/SKSE/Plugins/StorageUtilData//MME/Strings.json
JSON Saving: ../SimplyKnockData/common.json
JSON Loading: Data/SKSE/Plugins/StorageUtilData/../SimplyKnockData/profile1.json
JSON Loading: Data/SKSE/Plugins/StorageUtilData/Milk Addict/Food.json
JSON Loading: Data/SKSE/Plugins/StorageUtilData/DynDOLOD_Worlds.json
JSON Loading: Data/SKSE/Plugins/StorageUtilData/iWant RND for CACO/Dynamic Food/user.json
JSON: File does not exist, init empty root object...
JSON Loading: Data/SKSE/Plugins/StorageUtilData/iWant RND for CACO/Dynamic Food/user.json
JSON: File does not exist, init empty root object...
JSON Loading: Data/SKSE/Plugins/StorageUtilData/../SimplyKnockData/profile1.json
JSON Loading: Data/SKSE/Plugins/StorageUtilData/SL Survival/BikiniArmors.json
JSON Loading: Data/SKSE/Plugins/StorageUtilData/../CampfireData/common.json
JSON Saving: ../CampfireData/common.json
JSON Loading: Data/SKSE/Plugins/StorageUtilData/../CampfireData/profile1.json
JSON Loading: Data/SKSE/Plugins/StorageUtilData/../CampfireData/profile1.json
dir: Data/skse/Plugins/StorageUtilData/SL Survival/BikBreak/Custom/ ext: .json
JSON Loading: Data/SKSE/Plugins/StorageUtilData/Cumshot/AdjustValues.json
JSON Loading: Data/SKSE/Plugins/StorageUtilData/Milk Addict/SlutClothes.json
Package[452991020] Priority[99] Flag[0]
Override Picked -- Package[1830761632] Priority[99] Flag[0]
Package[453046105] Priority[99] Flag[0]
Override Picked -- Package[1830763648] Priority[99] Flag[0]
Package[453043298] Priority[99] Flag[0]
Override Picked -- Package[1831354624] Priority[99] Flag[0]
Package[453010421] Priority[99] Flag[0]
Override Picked -- Package[1830763200] Priority[99] Flag[0]
Package[453044697] Priority[99] Flag[0]
Override Picked -- Package[1830759392] Priority[99] Flag[0]
Package[453044694] Priority[99] Flag[0]
Override Picked -- Package[1830758720] Priority[99] Flag[0]
Package[453044694] Priority[99] Flag[0]
Override Picked -- Package[1830758720] Priority[99] Flag[0]
Package[453044694] Priority[99] Flag[0]
Override Picked -- Package[1830758720] Priority[99] Flag[0]
Package[453044698] Priority[99] Flag[0]
Override Picked -- Package[1830759616] Priority[99] Flag[0]
Package[453043298] Priority[99] Flag[0]
Override Picked -- Package[1831354624] Priority[99] Flag[0]
Package[453043298] Priority[99] Flag[0]
Override Picked -- Package[1831354624] Priority[99] Flag[0]
Package[453043298] Priority[99] Flag[0]
Override Picked -- Package[1831354624] Priority[99] Flag[0]
Package[452991020] Priority[99] Flag[0]
Override Picked -- Package[1830761632] Priority[99] Flag[0]
Package[453046105] Priority[99] Flag[0]
Override Picked -- Package[1830763648] Priority[99] Flag[0]
Package[453043298] Priority[99] Flag[0]
Override Picked -- Package[1831354624] Priority[99] Flag[0]
Package[453010421] Priority[99] Flag[0]
Override Picked -- Package[1830763200] Priority[99] Flag[0]
Package[453044697] Priority[99] Flag[0]
Override Picked -- Package[1830759392] Priority[99] Flag[0]
Package[453044694] Priority[99] Flag[0]
Override Picked -- Package[1830758720] Priority[99] Flag[0]
Package[453044694] Priority[99] Flag[0]
Override Picked -- Package[1830758720] Priority[99] Flag[0]
Package[453044694] Priority[99] Flag[0]
Override Picked -- Package[1830758720] Priority[99] Flag[0]
Package[453044698] Priority[99] Flag[0]
Override Picked -- Package[1830759616] Priority[99] Flag[0]
Package[453043298] Priority[99] Flag[0]
Override Picked -- Package[1831354624] Priority[99] Flag[0]
Package[453043298] Priority[99] Flag[0]
Override Picked -- Package[1831354624] Priority[99] Flag[0]
Package[453043298] Priority[99] Flag[0]
Override Picked -- Package[1831354624] Priority[99] Flag[0]
Package[452991020] Priority[99] Flag[0]
Override Picked -- Package[1830761632] Priority[99] Flag[0]
Package[453046105] Priority[99] Flag[0]
Override Picked -- Package[1830763648] Priority[99] Flag[0]
Package[453043298] Priority[99] Flag[0]
Override Picked -- Package[1831354624] Priority[99] Flag[0]
Package[453010421] Priority[99] Flag[0]
Override Picked -- Package[1830763200] Priority[99] Flag[0]
Package[453044697] Priority[99] Flag[0]
Override Picked -- Package[1830759392] Priority[99] Flag[0]
Package[453044694] Priority[99] Flag[0]
Override Picked -- Package[1830758720] Priority[99] Flag[0]
Package[453044694] Priority[99] Flag[0]
Override Picked -- Package[1830758720] Priority[99] Flag[0]
Package[453043298] Priority[99] Flag[0]
Override Picked -- Package[1831354624] Priority[99] Flag[0]
Package[453044698] Priority[99] Flag[0]
Override Picked -- Package[1830759616] Priority[99] Flag[0]
Package[453044694] Priority[99] Flag[0]
Override Picked -- Package[1830758720] Priority[99] Flag[0]
Package[453043298] Priority[99] Flag[0]
Override Picked -- Package[1831354624] Priority[99] Flag[0]
Package[453043298] Priority[99] Flag[0]
Override Picked -- Package[1831354624] Priority[99] Flag[0]
dir: Data/SKSE/Plugins/Sleep In Lingerie/LINGERIE/ ext: .json
JSON Loading: Data/SKSE/Plugins/StorageUtilData/../Sleep In Lingerie/Colors_Custom.json
JSON Loading: Data/SKSE/Plugins/StorageUtilData/../Sleep In Lingerie/keywords_Custom.json
JSON Loading: Data/SKSE/Plugins/StorageUtilData/../Sleep In Lingerie/help.json
dir: Data/SKSE/Plugins/Sleep In Lingerie/LINGERIE/ ext: .json
Package[453046105] Priority[99] Flag[0]
Override Picked -- Package[1830763648] Priority[99] Flag[0]
Package[452991020] Priority[99] Flag[0]
Override Picked -- Package[1830761632] Priority[99] Flag[0]
Package[453043298] Priority[99] Flag[0]
Override Picked -- Package[1831354624] Priority[99] Flag[0]
Package[453010421] Priority[99] Flag[0]
Override Picked -- Package[1830763200] Priority[99] Flag[0]
Package[453044697] Priority[99] Flag[0]
Override Picked -- Package[1830759392] Priority[99] Flag[0]
Package[453044694] Priority[99] Flag[0]
Override Picked -- Package[1830758720] Priority[99] Flag[0]
dir: Data/SKSE/Plugins/Sleep In Lingerie/LINGERIE/ ext: .json
Package[453044694] Priority[99] Flag[0]
Override Picked -- Package[1830758720] Priority[99] Flag[0]
Package[453043298] Priority[99] Flag[0]
Override Picked -- Package[1831354624] Priority[99] Flag[0]
Package[453044694] Priority[99] Flag[0]
Override Picked -- Package[1830758720] Priority[99] Flag[0]
Package[453044698] Priority[99] Flag[0]
Override Picked -- Package[1830759616] Priority[99] Flag[0]
Package[453043298] Priority[99] Flag[0]
Override Picked -- Package[1831354624] Priority[99] Flag[0]
Package[453043298] Priority[99] Flag[0]
Override Picked -- Package[1831354624] Priority[99] Flag[0]
Package[452991020] Priority[99] Flag[0]
Override Picked -- Package[1830761632] Priority[99] Flag[0]
Package[453046105] Priority[99] Flag[0]
Override Picked -- Package[1830763648] Priority[99] Flag[0]
Package[453043298] Priority[99] Flag[0]
Override Picked -- Package[1831354624] Priority[99] Flag[0]
Package[453010421] Priority[99] Flag[0]
Override Picked -- Package[1830763200] Priority[99] Flag[0]
Package[453044697] Priority[99] Flag[0]
Override Picked -- Package[1830759392] Priority[99] Flag[0]
Package[453044694] Priority[99] Flag[0]
Override Picked -- Package[1830758720] Priority[99] Flag[0]
Package[453044698] Priority[99] Flag[0]
Override Picked -- Package[1830759616] Priority[99] Flag[0]
Package[453044694] Priority[99] Flag[0]
Override Picked -- Package[1830758720] Priority[99] Flag[0]
Package[453044694] Priority[99] Flag[0]
Override Picked -- Package[1830758720] Priority[99] Flag[0]
Package[453043298] Priority[99] Flag[0]
Override Picked -- Package[1831354624] Priority[99] Flag[0]
Package[453043298] Priority[99] Flag[0]
Override Picked -- Package[1831354624] Priority[99] Flag[0]
Package[453043298] Priority[99] Flag[0]
Override Picked -- Package[1831354624] Priority[99] Flag[0]
dir: Data/SKSE/Plugins/Sleep In Lingerie/LINGERIE/ ext: .json
Package[453046105] Priority[99] Flag[0]
Override Picked -- Package[1830763648] Priority[99] Flag[0]
Package[452991020] Priority[99] Flag[0]
Override Picked -- Package[1830761632] Priority[99] Flag[0]
Package[453043298] Priority[99] Flag[0]
Override Picked -- Package[1831354624] Priority[99] Flag[0]
Package[453010421] Priority[99] Flag[0]
Override Picked -- Package[1830763200] Priority[99] Flag[0]
Package[453044697] Priority[99] Flag[0]
Override Picked -- Package[1830759392] Priority[99] Flag[0]
Package[453044694] Priority[99] Flag[0]
Override Picked -- Package[1830758720] Priority[99] Flag[0]
Package[453044694] Priority[99] Flag[0]
Override Picked -- Package[1830758720] Priority[99] Flag[0]
Package[453044694] Priority[99] Flag[0]
Override Picked -- Package[1830758720] Priority[99] Flag[0]
Package[453044698] Priority[99] Flag[0]
Override Picked -- Package[1830759616] Priority[99] Flag[0]
Package[453043298] Priority[99] Flag[0]
Override Picked -- Package[1831354624] Priority[99] Flag[0]
Package[453043298] Priority[99] Flag[0]
Override Picked -- Package[1831354624] Priority[99] Flag[0]
Package[453043298] Priority[99] Flag[0]
Override Picked -- Package[1831354624] Priority[99] Flag[0]
Package[453046105] Priority[99] Flag[0]
Override Picked -- Package[1830763648] Priority[99] Flag[0]
Package[452991020] Priority[99] Flag[0]
Override Picked -- Package[1830761632] Priority[99] Flag[0]
Package[453043298] Priority[99] Flag[0]
Override Picked -- Package[1831354624] Priority[99] Flag[0]
Package[453010421] Priority[99] Flag[0]
Override Picked -- Package[1830763200] Priority[99] Flag[0]
Package[453044697] Priority[99] Flag[0]
Override Picked -- Package[1830759392] Priority[99] Flag[0]
Package[453044694] Priority[99] Flag[0]
Override Picked -- Package[1830758720] Priority[99] Flag[0]
Package[453044698] Priority[99] Flag[0]
Override Picked -- Package[1830759616] Priority[99] Flag[0]
Package[453044694] Priority[99] Flag[0]
Override Picked -- Package[1830758720] Priority[99] Flag[0]
Package[453043298] Priority[99] Flag[0]
Override Picked -- Package[1831354624] Priority[99] Flag[0]
Package[453043298] Priority[99] Flag[0]
Override Picked -- Package[1831354624] Priority[99] Flag[0]
Package[453044694] Priority[99] Flag[0]
Override Picked -- Package[1830758720] Priority[99] Flag[0]
Package[453043298] Priority[99] Flag[0]
Override Picked -- Package[1831354624] Priority[99] Flag[0]
dir: Data/SKSE/Plugins/Sleep In Lingerie/LINGERIE/ ext: .json
Package[453046105] Priority[99] Flag[0]
Override Picked -- Package[1830763648] Priority[99] Flag[0]
Package[452991020] Priority[99] Flag[0]
Override Picked -- Package[1830761632] Priority[99] Flag[0]
Package[453043298] Priority[99] Flag[0]
Override Picked -- Package[1831354624] Priority[99] Flag[0]
Package[453010421] Priority[99] Flag[0]
Override Picked -- Package[1830763200] Priority[99] Flag[0]
Package[453044697] Priority[99] Flag[0]
Override Picked -- Package[1830759392] Priority[99] Flag[0]
Package[453044694] Priority[99] Flag[0]
Override Picked -- Package[1830758720] Priority[99] Flag[0]
Package[453044694] Priority[99] Flag[0]
Override Picked -- Package[1830758720] Priority[99] Flag[0]
Package[453044698] Priority[99] Flag[0]
Override Picked -- Package[1830759616] Priority[99] Flag[0]
Package[453044694] Priority[99] Flag[0]
Override Picked -- Package[1830758720] Priority[99] Flag[0]
Package[453043298] Priority[99] Flag[0]
Override Picked -- Package[1831354624] Priority[99] Flag[0]
Package[453043298] Priority[99] Flag[0]
Override Picked -- Package[1831354624] Priority[99] Flag[0]
Package[453043298] Priority[99] Flag[0]
Override Picked -- Package[1831354624] Priority[99] Flag[0]
Package[452991020] Priority[99] Flag[0]
Override Picked -- Package[1830761632] Priority[99] Flag[0]
Package[453046105] Priority[99] Flag[0]
Override Picked -- Package[1830763648] Priority[99] Flag[0]
Package[453043298] Priority[99] Flag[0]
Override Picked -- Package[1831354624] Priority[99] Flag[0]
Package[453010421] Priority[99] Flag[0]
Override Picked -- Package[1830763200] Priority[99] Flag[0]
Package[453044697] Priority[99] Flag[0]
Override Picked -- Package[1830759392] Priority[99] Flag[0]
Package[453044694] Priority[99] Flag[0]
Override Picked -- Package[1830758720] Priority[99] Flag[0]
Package[453044694] Priority[99] Flag[0]
Override Picked -- Package[1830758720] Priority[99] Flag[0]
Package[453044694] Priority[99] Flag[0]
Override Picked -- Package[1830758720] Priority[99] Flag[0]
Package[453044698] Priority[99] Flag[0]
Override Picked -- Package[1830759616] Priority[99] Flag[0]
Package[453043298] Priority[99] Flag[0]
Override Picked -- Package[1831354624] Priority[99] Flag[0]
Package[453043298] Priority[99] Flag[0]
Override Picked -- Package[1831354624] Priority[99] Flag[0]
Package[453043298] Priority[99] Flag[0]
Override Picked -- Package[1831354624] Priority[99] Flag[0]
