SexLabUtil
Initializing Plugin
Registering Functions
---
Serialization: Revert
Reverting: CRTP - Creature Types
Reverting: STAT - Actor Stats
Revert Done!
---
---
Serialization: Load
Loading: MODS - Mod List
	Length: 5650
	(0 -> 0)	Skyrim.esm
	(1 -> 1)	Update.esm
	(2 -> 2)	Dawnguard.esm
	(3 -> 3)	HearthFires.esm
	(4 -> 4)	Dragonborn.esm
	(5 -> 5)	3DNPC.esp
	(6 -> 6)	Forgotten DungeonsSSE.esm
	(7 -> 7)	HammetDungeons.esm
	(8 -> 8)	Unofficial Skyrim Special Edition Patch.esp
	(9 -> 9)	SMSkyrim.esp
	(10 -> 10)	DynDOLOD.esm
	(11 -> 11)	Campfire.esm
	(12 -> 12)	MajesticMountains_Landscape.esm
	(13 -> 13)	FISS.esp
	(14 -> 14)	Heels Sound.esm
	(15 -> 15)	SexLab.esm
	(16 -> 16)	SexLabAroused.esm
	(17 -> 17)	ZaZAnimationPack.esm
	(18 -> 18)	SexLab - Sexual Fame [SLSF].esm
	(19 -> 19)	Schlongs of Skyrim - Core.esm
	(20 -> 20)	GenderBender.esm
	(21 -> 21)	CreatureFramework.esm
	(22 -> 22)	Whiterun Forest Borealis Lightweight.esp
	(23 -> 23)	High Poly Head.esm
	(24 -> 24)	Devious Devices - Assets.esm
	(25 -> 25)	Devious Devices - Integration.esm
	(26 -> 26)	Devious Devices - Expansion.esm
	(27 -> 27)	Devious Devices - Contraptions.esm
	(28 -> 28)	Apachii_DivineEleganceStore.esm
	(29 -> 29)	Diverse Random NormalAttack.esp
	(30 -> 30)	SkyrimUnhinged.esp
	(31 -> 31)	TKDodge.esp
	(32 -> 32)	Convenient Horses.esp
	(33 -> 33)	OBIS SE.esp
	(34 -> 34)	OBIS SE Patrols Addon.esp
	(35 -> 35)	TheChoiceIsYours.esp
	(36 -> 36)	dD - Enhanced Blood Main LITE.esp
	(37 -> 37)	TrueStormsSE.esp
	(38 -> 38)	Obsidian Weathers.esp
	(39 -> 39)	SMIM-SE-Merged-All.esp
	(40 -> 40)	Gildergreen Regrown.esp
	(41 -> 41)	FNIS.esp
	(42 -> 42)	RaceMenu.esp
	(43 -> 43)	RaceMenuPlugin.esp
	(44 -> 44)	UIExtensions.esp
	(45 -> 45)	PyP_Legendary.esp
	(46 -> 46)	Schlongs of Skyrim.esp
	(47 -> 47)	SOS - Smurf Average Addon.esp
	(48 -> 48)	SOS - VectorPlexus Regular Addon.esp
	(49 -> 49)	SLAnimLoader.esp
	(50 -> 50)	SLAL_AnimationsByLeito.esp
	(51 -> 51)	MoreNastyCritters.esp
	(52 -> 52)	SexLabTools.esp
	(53 -> 53)	DepthsOfSkyrim.esp
	(54 -> 54)	Treeswinedave.esp
	(55 -> 55)	SLO_StoneWalls.esp
	(56 -> 56)	Ashbound.esp
	(57 -> 57)	SpiceOfLife - OrcLStrongholds.esp
	(58 -> 58)	Water for ENB.esp
	(59 -> 59)	EmbersHD.esp
	(60 -> 60)	Improved Shadowmarks.esp
	(61 -> 61)	fallentreebridgesSSE.esp
	(62 -> 62)	[SunJeong] Ninirim Collection.esp
	(63 -> 63)	Whiterun Trees Overhaul.esp
	(64 -> 64)	NoOverpenetration.esp
	(65 -> 65)	SOS - ERF - Futanari CBBE - Addon.esp
	(66 -> 66)	XPMSE.esp
	(67 -> 67)	Better Dynamic Snow.esp
	(68 -> 68)	Better Dynamic Ash.esp
	(69 -> 69)	Aequinoctium Addon for Obsidian.esp
	(70 -> 70)	True Storms - Obsidian Weathers - Patch .esp
	(71 -> 71)	DarkerNights.esp
	(72 -> 72)	Raven Rock - Fix Exit on Horseback.esp
	(73 -> 73)	blubbos_trees_in_whiterun.esp
	(74 -> 74)	PilgrimsDelight.esp
	(75 -> 75)	BentPines.esp
	(76 -> 76)	KrittaKittyHorsesForSSE.esp
	(77 -> 77)	JS Barenziah SE - Johnskyrim.esp
	(78 -> 78)	Outfits Merged.esp
	(79 -> 79)	Lingerie Set.esp
	(80 -> 80)	TERAArmorsSSE.esp
	(81 -> 81)	Beards.esp
	(82 -> 82)	Sunstarved_Tanlines.esp
	(83 -> 83)	Lupine_YyvengarBodypaints.esp
	(84 -> 84)	Kala_Eyes.esp
	(85 -> 85)	KS Hairdo's.esp
	(86 -> 86)	NB-Scars.esp
	(87 -> 87)	TheEyesOfBeauty.esp
	(88 -> 88)	QuickLight.esp
	(89 -> 89)	SLALAnimObjBillyy.esp
	(90 -> 90)	BleakFallsBarrowRevisited.esp
	(91 -> 91)	EmbershardMineRevisited.esp
	(92 -> 92)	SteepfallBurrowRevisited.esp
	(93 -> 93)	UstengravRevisited.esp
	(94 -> 94)	HaltedStreamCampRevisited.esp
	(95 -> 95)	WhiteRiverWatchRevisited.esp
	(96 -> 96)	ENB Light.esp
	(97 -> 97)	BladeAndBlunt.esp
	(98 -> 98)	Manbeast.esp
	(99 -> 99)	SkyRem - Elsa.esp
	(100 -> 100)	SkyRem - Eve.esp
	(101 -> 101)	SkyRem - Gabi.esp
	(102 -> 102)	GIST soul trap.esp
	(103 -> 103)	Morrowloot Miscellania - Item Distribution.esp
	(104 -> 104)	Easter Egg 2.esp
	(105 -> 105)	Easter Egg 3.esp
	(106 -> 106)	Artful Dodger - Dynamic Pickpocket Cap.esp
	(107 -> 107)	SmartCast_1_0.esp
	(108 -> 108)	Elemental Destruction Magic Redux.esp
	(109 -> 109)	EasierRidersDungeonPackSSE.esp
	(110 -> 110)	Vominheim.esp
	(111 -> 111)	Immersive Wenches.esp
	(112 -> 112)	Lock_Overhaul.esp
	(113 -> 113)	CT_AskToShowRoom.esp
	(114 -> 114)	TrueArmor.esp
	(115 -> 115)	SimplyBalanced.esp
	(116 -> 116)	TimingIsEverything.esp
	(117 -> 117)	Deviously Cursed Loot.esp
	(118 -> 118)	EstrusChaurus.esp
	(119 -> 119)	EstrusSpider.esp
	(120 -> 120)	SLSO.esp
	(121 -> 121)	DynamicDungeonLoot.esp
	(122 -> 122)	GOLD.esp
	(123 -> 123)	Complete Alchemy & Cooking Overhaul.esp
	(124 -> 124)	NarrativeLoot Complete.esp
	(125 -> 125)	SimplyKnock.esp
	(126 -> 126)	The Amazing World of Bikini Armors REMASTERED.esp
	(127 -> 127)	Frostfall.esp
	(128 -> 128)	Hunterborn.esp
	(129 -> 129)	iHUD.esp
	(130 -> 130)	NFF-SOTW Animal Patch.esp
	(131 -> 131)	SkillsOfTheWild.esp
	(132 -> 132)	SOTW_NoSenseDirectionAnimation.esp
	(133 -> 133)	AMatterOfTime.esp
	(134 -> 134)	RealisticNeedsandDiseases.esp
	(135 -> 135)	iWant RND Widgets.esp
	(136 -> 136)	iWant RND for CACO.esp
	(137 -> 137)	iWant RND for CACO with Dynamic Food.esp
	(138 -> 138)	Extended UI.esp
	(139 -> 139)	LootandDegradation.esp
	(140 -> 140)	GlevLoadScreens.esp
	(141 -> 141)	Point The Way.esp
	(142 -> 142)	animal_mansion.esp
	(143 -> 143)	Clockwork.esp
	(144 -> 144)	SexLab-Parasites.esp
	(145 -> 145)	AnimatedParasites.esp
	(146 -> 146)	SexLab-AmorousAdventures.esp
	(147 -> 147)	TBOS.esp
	(148 -> 148)	CFTO.esp
	(149 -> 149)	TakeNotes.esp
	(150 -> 150)	Wintersun - Faiths of Skyrim.esp
	(151 -> 151)	00MarzWindhelmHome.esp
	(152 -> 152)	Gleamblossom Hollow.esp
	(153 -> 153)	JK's Riverfall Cottage.esp
	(154 -> 154)	LrsamwaysPinewoodManor.esp
	(155 -> 155)	Niflholm.esp
	(156 -> 156)	RedspireManor.esp
	(157 -> 157)	RiversideShack.esp
	(158 -> 158)	Zulfardin, the Wretched Hive.esp
	(159 -> 159)	Zulfardin - Wintersun Patch.esp
	(160 -> 160)	sr_FillHerUp.esp
	(161 -> 161)	Audio Overhaul Skyrim.esp
	(162 -> 162)	Immersive Sounds - Compendium.esp
	(163 -> 163)	ArteFake.esp
	(164 -> 164)	MilkModNEW.esp
	(165 -> 165)	MilkModNEW CF.esp
	(166 -> 166)	MilkModNEW HF.esp
	(167 -> 167)	MilkMod_MilkPumpsFancy.esp
	(168 -> 168)	Milk Addict.esp
	(169 -> 169)	MF_RadiantProstitution.esp
	(170 -> 170)	Nykal Vampire follower.esp
	(171 -> 171)	ERF - Ceraph.esp
	(172 -> 172)	VR_Tannick.esp
	(173 -> 173)	LadyMiraak.esp
	(174 -> 174)	MiraakFollower.esp
	(175 -> 175)	RosaFollower.esp
	(176 -> 176)	zMirai.esp
	(177 -> 177)	SnoipehMoreCreatures.esp
	(178 -> 178)	MiraiRenewal.esp
	(179 -> 179)	SexyStartingOptions.esp
	(180 -> 180)	NotSoFast-MainQuest.esp
	(181 -> 181)	NotSoFast-MageGuild.esp
	(182 -> 182)	SL Survival.esp
	(183 -> 183)	Trade & Barter.esp
	(184 -> 184)	nwsFollowerFramework.esp
	(185 -> 185)	Miri_Follower.esp
	(186 -> 186)	ExtendedStay.esp
	(187 -> 187)	Atlas Map Markers.esp
	(188 -> 188)	1nivWICCloaks.esp
	(189 -> 189)	DSerArcheryGameplayOverhaul.esp
	(190 -> 190)	DeadlyDragons.esp
	(191 -> 191)	Realistic AI Detection 2 SE - Medium Interior, Medium Exterior.esp
	(192 -> 192)	SimpleSlavery.esp
	(193 -> 193)	Thieves Guild Requirements.esp
	(194 -> 194)	Cloaks.esp
	(195 -> 195)	Cloaks - Dawnguard.esp
	(196 -> 196)	Awesome Artifacts.esp
	(197 -> 197)	PAN_Azuk.esp
	(198 -> 198)	PAN_Vimar.esp
	(199 -> 199)	Ghaan Revealing Outfit Craftable.esp
	(200 -> 200)	opmfgconsole.esp
	(201 -> 201)	pantiesofskyrim.esp
	(202 -> 202)	Devious Cidhna.esp
	(203 -> 203)	SLSFFameComments.esp
	(204 -> 204)	SexLab Confabulation.esp
	(205 -> 205)	SexLab_Solutions.esp
	(206 -> 206)	SexLab Confabulation - TCIY Patch.esp
	(207 -> 207)	SexLab Confabulation - Solutions Patch.esp
	(208 -> 208)	SkyrimSewers.esp
	(209 -> 209)	Aetherius.esp
	(210 -> 210)	HarderLockPicking.esp
	(211 -> 211)	Vokrii - Minimalistic Perks of Skyrim.esp
	(212 -> 212)	Spell Tutor.esp
	(213 -> 213)	Odin - Skyrim Magic Overhaul.esp
	(214 -> 214)	Odin - Vokrii Compatibility Patch.esp
	(215 -> 215)	Scion.esp
	(216 -> 216)	Mundus.esp
	(217 -> 217)	Werewolves.esp
	(218 -> 218)	OnlyOnce.esp
	(219 -> 219)	MonsterLipSync1.esp
	(220 -> 220)	MoreBanditCamps.esp
	(221 -> 221)	DeviousFollowers.esp
	(222 -> 222)	EggFactory.esp
	(223 -> 223)	NPC VO Merged.esp
	(224 -> 224)	BattleFuck.esp
	(225 -> 225)	MuKneeFix.esp
	(226 -> 226)	WayshrinesIFT.esp
	(227 -> 227)	suspiciouscityguards.esp
	(228 -> 228)	Dynamic TimeScale.esp
	(229 -> 229)	PowersKeyring.esp
	(230 -> 230)	FurnitureMarkerSex.esp
	(231 -> 231)	AlternatePerspective.esp
	(232 -> 232)	TransformativeElixirs.esp
	(233 -> 233)	JKs Skyrim.esp
	(234 -> 234)	MilkModNEWJKSkyrimPatch.esp
	(235 -> 235)	DNDDC Patches Merged.esp
	(236 -> 236)	Lux.esp
	(237 -> 237)	DNDDC MCM Automation.esp
	(238 -> 238)	DynDOLOD.esp
	(239 -> 239)	AddItemMenuSE.esp
	(240 -> 240)	SlaveTats.esp
	(241 -> 241)	Apropos2.esp
	(242 -> 242)	SLA Monitor Widget.esp
	(243 -> 243)	SexLab TDF Aggressive Prostitution.esp
	(244 -> 244)	EtR_HearthfireDungeonAddon.esp
Loading: CRTP - Creature Types
	Length: 2846
Loading: STAT - Actor Stats
	Length: 50
Load Done!
---
Papyrus Loading File: ../SexLab/AnimationProfile_1.json
