skee
NetImmerse Override Enabled
config path = D:\DNDDC\Stock Game\Data\SKSE\skse.ini
RacePartDefaultGen::Accept - Could not bind default morphs for MaleHeadArgonian on ArgonianRaceVampire[0] using NordRace. Vertex mismatch (Actors\Character\Character Assets\MaleHeadArgonianChargen.tri - 1219 | Actors\Character\Character Assets\MaleHeadCustomizations.tri - 898).
RacePartDefaultGen::Accept - Could not bind default morphs for MaleMouthArgonian on ArgonianRaceVampire[0] using NordRace. Vertex mismatch (Actors\Character\Character Assets\Mouth\MouthArgonianChargen.tri - 478 | Actors\Character\Character Assets\Mouth\MouthHumanChargen.tri - 141).
RacePartDefaultGen::Accept - Could not bind default morphs for MaleEyesArgonianVampire on ArgonianRaceVampire[0] using NordRace. Vertex mismatch (Actors\Character\Character Assets\EyesArgonianChargen.tri - 50 | Actors\Character\Character Assets\EyesMaleCharGen.tri - 186).
RacePartDefaultGen::Accept - Could not bind default morphs for FemaleHeadArgonian on ArgonianRaceVampire[1] using NordRace. Vertex mismatch (Actors\Character\Character Assets\FemaleHeadArgonianChargen.tri - 1219 | Actors\Character\Character Assets\FemaleHeadCharGen.tri - 996).
RacePartDefaultGen::Accept - Could not bind default morphs for FemaleMouthArgonian on ArgonianRaceVampire[1] using NordRace. Vertex mismatch (Actors\Character\Character Assets\Mouth\MouthArgonianChargen.tri - 478 | Actors\Character\Character Assets\Mouth\MouthHumanFChargen.tri - 141).
RacePartDefaultGen::Accept - Could not bind default morphs for FemaleEyesArgonianVampire on ArgonianRaceVampire[1] using NordRace. Vertex mismatch (Actors\Character\Character Assets\EyesArgonianChargen.tri - 50 | Actors\Character\Character Assets\EyesFemaleChargen.tri - 176).
RacePartDefaultGen::Accept - Could not bind default morphs for MaleHeadArgonian on ArgonianRace[0] using NordRace. Vertex mismatch (Actors\Character\Character Assets\MaleHeadArgonianChargen.tri - 1219 | Actors\Character\Character Assets\MaleHeadCustomizations.tri - 898).
RacePartDefaultGen::Accept - Could not bind default morphs for MaleMouthArgonian on ArgonianRace[0] using NordRace. Vertex mismatch (Actors\Character\Character Assets\Mouth\MouthArgonianChargen.tri - 478 | Actors\Character\Character Assets\Mouth\MouthHumanChargen.tri - 141).
RacePartDefaultGen::Accept - Could not bind default morphs for MaleEyesArgonian on ArgonianRace[0] using NordRace. Vertex mismatch (Actors\Character\Character Assets\EyesArgonianChargen.tri - 50 | Actors\Character\Character Assets\EyesMaleCharGen.tri - 186).
RacePartDefaultGen::Accept - Could not bind default morphs for FemaleHeadArgonian on ArgonianRace[1] using NordRace. Vertex mismatch (Actors\Character\Character Assets\FemaleHeadArgonianChargen.tri - 1219 | Actors\Character\Character Assets\FemaleHeadCharGen.tri - 996).
RacePartDefaultGen::Accept - Could not bind default morphs for FemaleEyesArgonian on ArgonianRace[1] using NordRace. Vertex mismatch (Actors\Character\Character Assets\EyesArgonianChargen.tri - 50 | Actors\Character\Character Assets\EyesFemaleChargen.tri - 176).
RacePartDefaultGen::Accept - Could not bind default morphs for FemaleMouthArgonian on ArgonianRace[1] using NordRace. Vertex mismatch (Actors\Character\Character Assets\Mouth\MouthArgonianChargen.tri - 478 | Actors\Character\Character Assets\Mouth\MouthHumanFChargen.tri - 141).
RaceMap::CreateDefaultMap - Added default slider maps for SMSAshenRace from NordRace
RacePartDefaultGen::Accept - Binding default morphs for ChildMouth (Actors\Character\Character Assets\Mouth\MouthChildChargen.tri) on BretonRaceChildVampire[0] using NordRace. (Actors\Character\Character Assets\Mouth\MouthChildChargen.tri - 141 | Actors\Character\Character Assets\Mouth\MouthHumanChargen.tri - 141)
RacePartDefaultGen::Accept - Binding default morphs for ChildMouth (Actors\Character\Character Assets\Mouth\MouthChildChargen.tri) on BretonRaceChildVampire[1] using NordRace. (Actors\Character\Character Assets\Mouth\MouthChildChargen.tri - 141 | Actors\Character\Character Assets\Mouth\MouthHumanFChargen.tri - 141)
RacePartDefaultGen::Accept - Binding default morphs for ChildMouth (Actors\Character\Character Assets\Mouth\MouthChildChargen.tri) on BretonRaceChild[0] using NordRace. (Actors\Character\Character Assets\Mouth\MouthChildChargen.tri - 141 | Actors\Character\Character Assets\Mouth\MouthHumanChargen.tri - 141)
RacePartDefaultGen::Accept - Binding default morphs for ChildMouth (Actors\Character\Character Assets\Mouth\MouthChildChargen.tri) on BretonRaceChild[1] using NordRace. (Actors\Character\Character Assets\Mouth\MouthChildChargen.tri - 141 | Actors\Character\Character Assets\Mouth\MouthHumanFChargen.tri - 141)
RaceMap::CreateDefaultMap - Added default slider maps for DA13AfflictedRace from NordRace
RacePartDefaultGen::Accept - Could not bind default morphs for _TRE_Miri_EyeLeftGreen on _TRE_Miri_ChimerRace[1] using NordRace. Vertex mismatch (Actors\Character\Character Assets\FaceParts\EyesFemaleLeftCharGen.tri - 88 | Actors\Character\Character Assets\EyesFemaleChargen.tri - 176).
RaceMap::CreateDefaultMap - Added default slider maps for _TRE_Miri_ChimerRace from NordRace
RaceMap::CreateDefaultMap - Added default slider maps for DLC2DremoraRace from NordRace
RaceMap::CreateDefaultMap - Added default slider maps for DremoraRace from NordRace
RaceMap::CreateDefaultMap - Added default slider maps for ERF_Ceraph_Race from NordRace
RaceMap::CreateDefaultMap - Added default slider maps for SnowElfRace from NordRace
RacePartDefaultGen::Accept - Binding default morphs for ChildMouth (Actors\Character\Character Assets\Mouth\MouthChildChargen.tri) on ImperialRaceChild[0] using NordRace. (Actors\Character\Character Assets\Mouth\MouthChildChargen.tri - 141 | Actors\Character\Character Assets\Mouth\MouthHumanChargen.tri - 141)
RacePartDefaultGen::Accept - Binding default morphs for ChildMouth (Actors\Character\Character Assets\Mouth\MouthChildChargen.tri) on ImperialRaceChild[1] using NordRace. (Actors\Character\Character Assets\Mouth\MouthChildChargen.tri - 141 | Actors\Character\Character Assets\Mouth\MouthHumanFChargen.tri - 141)
RacePartDefaultGen::Accept - Could not bind default morphs for MaleHeadKhajiit on KhajiitRaceVampire[0] using NordRace. Vertex mismatch (Actors\Character\Character Assets\MaleHeadKhajiitChargen.tri - 1356 | Actors\Character\Character Assets\MaleHeadCustomizations.tri - 898).
RacePartDefaultGen::Accept - Could not bind default morphs for MaleMouthKhajiit on KhajiitRaceVampire[0] using NordRace. Vertex mismatch (Actors\Character\Character Assets\Mouth\MaleMouthKhajiitChargen.tri - 643 | Actors\Character\Character Assets\Mouth\MouthHumanChargen.tri - 141).
RacePartDefaultGen::Accept - Could not bind default morphs for MaleEyesKhajiitVampire on KhajiitRaceVampire[0] using NordRace. Vertex mismatch (Actors\Character\Character Assets\EyesKhajiitChargen.tri - 50 | Actors\Character\Character Assets\EyesMaleCharGen.tri - 186).
RacePartDefaultGen::Accept - Could not bind default morphs for FemaleHeadKhajiit on KhajiitRaceVampire[1] using NordRace. Vertex mismatch (Actors\Character\Character Assets\FemaleHeadKhajiitChargen.tri - 1342 | Actors\Character\Character Assets\FemaleHeadCharGen.tri - 996).
RacePartDefaultGen::Accept - Could not bind default morphs for FemaleMouthKhajiit on KhajiitRaceVampire[1] using NordRace. Vertex mismatch (Actors\Character\Character Assets\Mouth\MouthKhajiitFemaleChargen.tri - 643 | Actors\Character\Character Assets\Mouth\MouthHumanFChargen.tri - 141).
RacePartDefaultGen::Accept - Could not bind default morphs for FemaleEyesKhajiitVampire on KhajiitRaceVampire[1] using NordRace. Vertex mismatch (Actors\Character\Character Assets\EyesKhajiitFemaleChargen.tri - 50 | Actors\Character\Character Assets\EyesFemaleChargen.tri - 176).
RacePartDefaultGen::Accept - Could not bind default morphs for MaleHeadKhajiit on KhajiitRace[0] using NordRace. Vertex mismatch (Actors\Character\Character Assets\MaleHeadKhajiitChargen.tri - 1356 | Actors\Character\Character Assets\MaleHeadCustomizations.tri - 898).
RacePartDefaultGen::Accept - Could not bind default morphs for MaleMouthKhajiit on KhajiitRace[0] using NordRace. Vertex mismatch (Actors\Character\Character Assets\Mouth\MaleMouthKhajiitChargen.tri - 643 | Actors\Character\Character Assets\Mouth\MouthHumanChargen.tri - 141).
RacePartDefaultGen::Accept - Could not bind default morphs for MaleEyesKhajiitBase on KhajiitRace[0] using NordRace. Vertex mismatch (Actors\Character\Character Assets\EyesKhajiitChargen.tri - 50 | Actors\Character\Character Assets\EyesMaleCharGen.tri - 186).
RacePartDefaultGen::Accept - Could not bind default morphs for FemaleHeadKhajiit on KhajiitRace[1] using NordRace. Vertex mismatch (Actors\Character\Character Assets\FemaleHeadKhajiitChargen.tri - 1342 | Actors\Character\Character Assets\FemaleHeadCharGen.tri - 996).
RacePartDefaultGen::Accept - Could not bind default morphs for FemaleMouthKhajiit on KhajiitRace[1] using NordRace. Vertex mismatch (Actors\Character\Character Assets\Mouth\MouthKhajiitFemaleChargen.tri - 643 | Actors\Character\Character Assets\Mouth\MouthHumanFChargen.tri - 141).
RacePartDefaultGen::Accept - Could not bind default morphs for FemaleEyesKhajiitBase on KhajiitRace[1] using NordRace. Vertex mismatch (Actors\Character\Character Assets\EyesKhajiitFemaleChargen.tri - 50 | Actors\Character\Character Assets\EyesFemaleChargen.tri - 176).
RaceMap::CreateDefaultMap - Added default slider maps for DLC1NordRace from NordRace
RacePartDefaultGen::Accept - Binding default morphs for ChildMouth (Actors\Character\Character Assets\Mouth\MouthChildChargen.tri) on NordRaceChild[0] using NordRace. (Actors\Character\Character Assets\Mouth\MouthChildChargen.tri - 141 | Actors\Character\Character Assets\Mouth\MouthHumanChargen.tri - 141)
RacePartDefaultGen::Accept - Binding default morphs for ChildMouth (Actors\Character\Character Assets\Mouth\MouthChildChargen.tri) on NordRaceChild[1] using NordRace. (Actors\Character\Character Assets\Mouth\MouthChildChargen.tri - 141 | Actors\Character\Character Assets\Mouth\MouthHumanFChargen.tri - 141)
RaceMap::CreateDefaultMap - Added default slider maps for NordRaceAstrid from NordRace
RaceMap::CreateDefaultMap - Added default slider maps for DLC2MiraakRace from NordRace
RaceMap::CreateDefaultMap - Added default slider maps for TestRace from NordRace
RaceMap::CreateDefaultMap - Added default slider maps for ElderRace from NordRace
RaceMap::CreateDefaultMap - Added default slider maps for ElderRaceVampire from NordRace
RacePartDefaultGen::Accept - Could not bind default morphs for MaleMouthOrc1 on OrcRace[0] using NordRace. Vertex mismatch (Actors\Character\Character Assets\Mouth\MouthOrcChargen.tri - 348 | Actors\Character\Character Assets\Mouth\MouthHumanChargen.tri - 141).
RacePartDefaultGen::Accept - Could not bind default morphs for FemaleMouthOrc on OrcRace[1] using NordRace. Vertex mismatch (Actors\Character\Character Assets\Mouth\MouthOrcFemaleChargen.tri - 348 | Actors\Character\Character Assets\Mouth\MouthHumanFChargen.tri - 141).
RacePartDefaultGen::Accept - Could not bind default morphs for MaleMouthOrc1 on OrcRaceVampire[0] using NordRace. Vertex mismatch (Actors\Character\Character Assets\Mouth\MouthOrcChargen.tri - 348 | Actors\Character\Character Assets\Mouth\MouthHumanChargen.tri - 141).
RacePartDefaultGen::Accept - Could not bind default morphs for FemaleMouthOrc on OrcRaceVampire[1] using NordRace. Vertex mismatch (Actors\Character\Character Assets\Mouth\MouthOrcFemaleChargen.tri - 348 | Actors\Character\Character Assets\Mouth\MouthHumanFChargen.tri - 141).
RacePartDefaultGen::Accept - Binding default morphs for ChildMouth (Actors\Character\Character Assets\Mouth\MouthChildChargen.tri) on RedguardRaceChild[0] using NordRace. (Actors\Character\Character Assets\Mouth\MouthChildChargen.tri - 141 | Actors\Character\Character Assets\Mouth\MouthHumanChargen.tri - 141)
RacePartDefaultGen::Accept - Binding default morphs for ChildMouth (Actors\Character\Character Assets\Mouth\MouthChildChargen.tri) on RedguardRaceChild[1] using NordRace. (Actors\Character\Character Assets\Mouth\MouthChildChargen.tri - 141 | Actors\Character\Character Assets\Mouth\MouthHumanFChargen.tri - 141)
RaceMap::CreateDefaultMap - Added default slider maps for CLWShadowRace from NordRace
Reverting...
Loading...
SKEE64Serialization_Load - Loaded 5ms
MorphCache::CacheFile - Loaded meshes\clothes\farmclothes02\f\shoes.tri (52703 bytes)
MorphCache::CacheFile - Loaded meshes\clothes\farmclothes02\f\dress.tri (3100072 bytes)
MorphCache::CacheFile - Loaded meshes\actors\character\character assets\femalehands.tri (3120 bytes)
MorphCache::CacheFile - Loaded meshes\actors\character\character assets\femalebody.tri (5016069 bytes)
MorphCache::CacheFile - Loaded meshes\actors\character\character assets\femalefeet.tri (69066 bytes)
MorphCache::CacheFile - Loaded meshes\clothes\prisoner\prisonerrags_f.tri (3092162 bytes)
