SSEDisplayTweaks version 0.4.14 (runtime 1.5.97.0)
[Events] Installed event hooks
[Dispatcher] Initializing: Input
[Dispatcher] Initializing: Render
[Render] Framerate limit (game): 240
[Render] Framerate limit (Loading screen): 60 (VSync off: false)
[Render] Refresh rate patch applied (max 240 Hz)
[Render] Framerate limiter installed, mode: pre
[Render] Maximum frame latency: 2
[Render] [Patch] [IDXGISwapChain::ResizeBuffers] Writing..
[Render] [Patch] [IDXGISwapChain::ResizeBuffers] OK
[Dispatcher] Initializing: OSD
[Dispatcher] Initializing: HAVOK
[Dispatcher] Initializing: Window
[Window] Ghosting disabled
[Window] Cursor locking enabled
[Dispatcher] Initializing: Controls
[Controls] [Patch] [ThirdPersonMovementFix] Writing..
[Controls] [Patch] [ThirdPersonMovementFix] OK
[Controls] [Patch] [SittingHorizontalLookSensitivityFix] Writing..
[Controls] [Patch] [SittingHorizontalLookSensitivityFix] OK
[Controls] [Patch] [MapMoveKeyboardSpeedFix] Writing..
[Controls] [Patch] [MapMoveKeyboardSpeedFix] OK
[Controls] [Patch] [AutoVanityCameraSpeedFix] Writing..
[Controls] [Patch] [AutoVanityCameraSpeedFix] OK
[Controls] [Patch] [DialogueLookSpeedFix] Writing..
[Controls] [Patch] [DialogueLookSpeedFix] OK
[Controls] [Patch] [GamepadCursorSpeedFix] Writing..
[Controls] [Patch] [GamepadCursorSpeedFix] OK
[Controls] [Patch] [LockpickRotationSpeedFix] Writing..
[Controls] [Patch] [LockpickRotationSpeedFix] OK
[Controls] [Patch] [FreeCameraVerticalSensitivityFix] Writing..
[Controls] [Patch] [FreeCameraVerticalSensitivityFix] OK
[Controls] [Patch] [FreeCameraMovementSpeedFix (forward/back)] Writing..
[Controls] [Patch] [FreeCameraMovementSpeedFix (forward/back)] OK
[Controls] [Patch] [FreeCameraMovementSpeedFix (up/down)] Writing..
[Controls] [Patch] [FreeCameraMovementSpeedFix (up/down)] OK
[Dispatcher] Initializing: Miscellaneous
[Miscellaneous] Disabling processing of missing plugin INIs
[Miscellaneous] BranchTrampoline::Write6Call 7FF6385A97E6 -> 7FFA27CC4B00
[Miscellaneous] 1 hook(s) installed
[Dispatcher] Initializing: Papyrus
[Papyrus] Actor.SetExpressionOverride patch applied
[Render] [Patch] [IDXGISwapChain::Present] Writing..
[Render] [Patch] [IDXGISwapChain::Present] OK
[Render] Installed present hook (pre:1 post:0)
[Dispatcher] 8 driver(s) initialized
[Trampoline] branch: 226/320, codegen: 694/1024
[SKSEPlugin_Load] db load: 149.385 ms, init: 7.162 ms, db unload: 36.039 ms
[Window] [0x1C0BA8] Message hook installed
[Window] [0x1C0BA8] Window created [Skyrim Special Edition] (0,0,1920,1080)
[Render] [D3D] Requesting mode: 1920x1080@0 | VSync: 0 | Windowed: 1
[Render] [D3D] SwapEffect: flip_discard | SwapBufferCount: 3 | Tearing: 1 | Flags: 0x00000802
[Render] [D3D] Windowed hardware composition support: yes
[HAVOK] (DYNAMIC) fMaxTime=0.00416667-0.0166667 fMaxTimeComplexOffset=30 (Max FPS = 240)
[Events] Added menu event sink
