[12/18/2021 - 04:07:18AM] SexLabDebug log opened (PC)
[12/18/2021 - 04:07:18AM] NOTICE: RegisterThreadHook([FurnitureMarkerPlayerAliasScript <alias playerAlias on quest FurnitureMarkerSexAPI (E602E72B)>]) - Registered hook at [0/1]
[12/18/2021 - 04:07:18AM] GetSetAnimation(DDZapPillorySex01): set
[12/18/2021 - 04:07:18AM] Config Reloading...
[12/18/2021 - 04:07:18AM] AnimCache: MISS -- 4:Dog::TRUE
[12/18/2021 - 04:07:18AM] AnimCache: MISS -- 3:Dog::TRUE
[12/18/2021 - 04:07:18AM] AnimCache: MISS -- 4:wolf::TRUE
[12/18/2021 - 04:07:18AM] AnimCache: MISS -- 3:wolf::TRUE
[12/18/2021 - 04:07:18AM] AnimCache: MISS -- 4:Horse::TRUE
[12/18/2021 - 04:07:18AM] AnimCache: MISS -- 3:Horse::TRUE
[12/18/2021 - 04:07:18AM] GetSetAnimation(DDBeltedSolo): set
[12/18/2021 - 04:07:18AM] GetSetAnimation(DDZapPillorySex02): set
[12/18/2021 - 04:07:19AM] GetSetAnimation(DDArmbinderSolo): set
[12/18/2021 - 04:07:19AM] GetSetAnimation(DDZapPillorySex03): set
[12/18/2021 - 04:07:19AM] GetSetAnimation(DDYokeSolo): set
[12/18/2021 - 04:07:20AM] GetSetAnimation(DDZapPilloryLick01): set
[12/18/2021 - 04:07:20AM] GetSetAnimation(DDZapArmbDoggy01): set
[12/18/2021 - 04:07:20AM] GetSetAnimation(DDZapArmbDoggy01Both): set
[12/18/2021 - 04:07:21AM] GetSetAnimation(DDZapArmbMissionary01): set
[12/18/2021 - 04:07:21AM] GetSetAnimation(DDZapArmbSkullFuck01): set
[12/18/2021 - 04:07:22AM] GetSetAnimation(DDZapArmbLesbian01): set
[12/18/2021 - 04:07:23AM] GetSetAnimation(DDZapArmbLesbian01Both): set
[12/18/2021 - 04:07:23AM] GetSetAnimation(DDZapArmbBoobjob01): set
[12/18/2021 - 04:07:24AM] GetSetAnimation(DDZapArmbKissing01): set
[12/18/2021 - 04:07:24AM] GetSetAnimation(DDZapYokeMissionary01): set
[12/18/2021 - 04:07:25AM] GetSetAnimation(DDZapYokeMissionary02): set
[12/18/2021 - 04:07:26AM] GetSetAnimation(DDZapYokeMissionary03): set
[12/18/2021 - 04:07:26AM] GetSetAnimation(DDZapYokeSkullFuck01): set
[12/18/2021 - 04:07:27AM] GetSetAnimation(DDZapYokeLesbian01): set
[12/18/2021 - 04:07:27AM] GetSetAnimation(DDZapYokeLesbian01Both): set
[12/18/2021 - 04:07:28AM] GetSetAnimation(DDZapYokeBlowjob01): set
[12/18/2021 - 04:07:28AM] GetSetAnimation(DDZapYokeKissing01): set
[12/18/2021 - 04:07:29AM] GetSetAnimation(DDZapYokeForeplay01): set
[12/18/2021 - 04:07:30AM] GetSetAnimation(DDFBYokeHolding): set
[12/18/2021 - 04:07:30AM] GetSetAnimation(DDFBYokeDoggy): set
[12/18/2021 - 04:07:31AM] GetSetAnimation(DDFBMolagStandingYoke): set
[12/18/2021 - 04:07:31AM] GetSetAnimation(DDZapMixLesbian01ArmbYoke): set
[12/18/2021 - 04:07:32AM] GetSetAnimation(DDZapMixLesbian01YokeArmb): set
[12/18/2021 - 04:07:32AM] GetSetAnimation(DD_SH_armbBJ1): set
[12/18/2021 - 04:07:33AM] GetSetAnimation(DD_SH_bbyokeBJ1): set
[12/18/2021 - 04:07:34AM] GetSetAnimation(DD_SH_cuffsFrontBJ1): set
[12/18/2021 - 04:07:34AM] GetSetAnimation(DD_SH_elbBJ1): set
[12/18/2021 - 04:07:35AM] GetSetAnimation(DD_SH_yokeBJ1): set
[12/18/2021 - 04:07:35AM] GetSetAnimation(DD_SH_armbMiss1): set
[12/18/2021 - 04:07:36AM] GetSetAnimation(DD_SH_bbyokeMiss1): set
[12/18/2021 - 04:07:37AM] GetSetAnimation(DD_SH_cuffsFrontMiss1): set
[12/18/2021 - 04:07:37AM] GetSetAnimation(DD_SH_elbMiss1): set
[12/18/2021 - 04:07:38AM] GetSetAnimation(DD_SH_yokeMiss1): set
[12/18/2021 - 04:07:38AM] GetSetAnimation(DD_SH_armbCowg1): set
[12/18/2021 - 04:07:39AM] GetSetAnimation(DD_SH_elbCowg1): set
[12/18/2021 - 04:07:39AM] GetSetAnimation(DD_Billyy_YokeCowgirl): set
[12/18/2021 - 04:07:40AM] GetSetAnimation(DD_Billyy_YokeDoggy): set
[12/18/2021 - 04:07:41AM] GetSetAnimation(DD_Billyy_YokeMissionary): set
[12/18/2021 - 04:07:41AM] GetSetAnimation(DD_Billyy_YokeStanding): set
[12/18/2021 - 04:07:42AM] GetSetAnimation(DD_Billyy_YokeFaceFuck): set
[12/18/2021 - 04:07:42AM] GetSetAnimation(DD_Billyy_Yoke69): set
[12/18/2021 - 04:07:43AM] GetSetAnimation(DD_Billyy_YokeRevCowgirlAnal): set
[12/18/2021 - 04:07:43AM] GetSetAnimation(DD_Billyy_YokeLayingAnal): set
[12/18/2021 - 04:07:44AM] GetSetAnimation(DD_B_PS_Doggy): set
[12/18/2021 - 04:07:45AM] GetSetAnimation(DD_B_PS_DoggyA): set
[12/18/2021 - 04:07:45AM] GetSetAnimation(DD_B_PS_DT): set
[12/18/2021 - 04:07:46AM] GetSetAnimation(DD_B_PS_Miss): set
[12/18/2021 - 04:13:05AM] Log closed
