[12/18/2021 - 04:13:08AM] SexLabDebug log opened (PC)
[12/18/2021 - 04:13:08AM] GetSetAnimation(DDZapPillorySex01): get
[12/18/2021 - 04:13:08AM] NOTICE: RegisterThreadHook([FurnitureMarkerPlayerAliasScript <alias playerAlias on quest FurnitureMarkerSexAPI (E602E72B)>]) - Registered hook at [0/1]
[12/18/2021 - 04:13:08AM] GetSetAnimation(DDZapPillorySex02): get
[12/18/2021 - 04:13:08AM] GetSetAnimation(DDZapPillorySex03): get
[12/18/2021 - 04:13:08AM] GetSetAnimation(DDZapPilloryLick01): get
[12/18/2021 - 04:13:08AM] Config Reloading...
[12/18/2021 - 04:13:08AM] AnimCache: MISS -- 4:Dog::TRUE
[12/18/2021 - 04:13:08AM] AnimCache: MISS -- 3:Dog::TRUE
[12/18/2021 - 04:13:08AM] AnimCache: MISS -- 4:wolf::TRUE
[12/18/2021 - 04:13:08AM] AnimCache: MISS -- 3:wolf::TRUE
[12/18/2021 - 04:13:08AM] AnimCache: MISS -- 4:Horse::TRUE
[12/18/2021 - 04:13:08AM] AnimCache: MISS -- 3:Horse::TRUE
[12/18/2021 - 04:13:08AM] GetSetAnimation(DDBeltedSolo): get
[12/18/2021 - 04:13:08AM] GetSetAnimation(DDArmbinderSolo): get
[12/18/2021 - 04:13:08AM] GetSetAnimation(DDYokeSolo): get
[12/18/2021 - 04:13:08AM] GetSetAnimation(DDZapArmbDoggy01): get
[12/18/2021 - 04:13:08AM] GetSetAnimation(DDZapArmbDoggy01Both): get
[12/18/2021 - 04:13:08AM] GetSetAnimation(DDZapArmbMissionary01): get
[12/18/2021 - 04:13:08AM] GetSetAnimation(DDZapArmbSkullFuck01): get
[12/18/2021 - 04:13:08AM] GetSetAnimation(DDZapArmbLesbian01): get
[12/18/2021 - 04:13:08AM] GetSetAnimation(DDZapArmbLesbian01Both): get
[12/18/2021 - 04:13:08AM] GetSetAnimation(DDZapArmbBoobjob01): get
[12/18/2021 - 04:13:08AM] GetSetAnimation(DDZapArmbKissing01): get
[12/18/2021 - 04:13:08AM] GetSetAnimation(DDZapYokeMissionary01): get
[12/18/2021 - 04:13:08AM] GetSetAnimation(DDZapYokeMissionary02): get
[12/18/2021 - 04:13:08AM] GetSetAnimation(DDZapYokeMissionary03): get
[12/18/2021 - 04:13:08AM] GetSetAnimation(DDZapYokeSkullFuck01): get
[12/18/2021 - 04:13:08AM] GetSetAnimation(DDZapYokeLesbian01): get
[12/18/2021 - 04:13:08AM] GetSetAnimation(DDZapYokeLesbian01Both): get
[12/18/2021 - 04:13:08AM] GetSetAnimation(DDZapYokeBlowjob01): get
[12/18/2021 - 04:13:08AM] GetSetAnimation(DDZapYokeKissing01): get
[12/18/2021 - 04:13:08AM] GetSetAnimation(DDZapYokeForeplay01): get
[12/18/2021 - 04:13:08AM] GetSetAnimation(DDFBYokeHolding): get
[12/18/2021 - 04:13:08AM] GetSetAnimation(DDFBYokeDoggy): get
[12/18/2021 - 04:13:08AM] GetSetAnimation(DDFBMolagStandingYoke): get
[12/18/2021 - 04:13:08AM] GetSetAnimation(DDZapMixLesbian01ArmbYoke): get
[12/18/2021 - 04:13:08AM] GetSetAnimation(DDZapMixLesbian01YokeArmb): get
[12/18/2021 - 04:13:08AM] GetSetAnimation(DD_SH_armbBJ1): get
[12/18/2021 - 04:13:08AM] GetSetAnimation(DD_SH_bbyokeBJ1): get
[12/18/2021 - 04:13:08AM] GetSetAnimation(DD_SH_cuffsFrontBJ1): get
[12/18/2021 - 04:13:08AM] GetSetAnimation(DD_SH_elbBJ1): get
[12/18/2021 - 04:13:08AM] GetSetAnimation(DD_SH_yokeBJ1): get
[12/18/2021 - 04:13:08AM] GetSetAnimation(DD_SH_armbMiss1): get
[12/18/2021 - 04:13:08AM] GetSetAnimation(DD_SH_bbyokeMiss1): get
[12/18/2021 - 04:13:08AM] GetSetAnimation(DD_SH_cuffsFrontMiss1): get
[12/18/2021 - 04:13:08AM] GetSetAnimation(DD_SH_elbMiss1): get
[12/18/2021 - 04:13:08AM] GetSetAnimation(DD_SH_yokeMiss1): get
[12/18/2021 - 04:13:08AM] GetSetAnimation(DD_SH_armbCowg1): get
[12/18/2021 - 04:13:08AM] GetSetAnimation(DD_SH_elbCowg1): get
[12/18/2021 - 04:13:08AM] GetSetAnimation(DD_Billyy_YokeCowgirl): get
[12/18/2021 - 04:13:08AM] GetSetAnimation(DD_Billyy_YokeDoggy): get
[12/18/2021 - 04:13:08AM] GetSetAnimation(DD_Billyy_YokeMissionary): get
[12/18/2021 - 04:13:09AM] GetSetAnimation(DD_Billyy_YokeStanding): get
[12/18/2021 - 04:13:09AM] GetSetAnimation(DD_Billyy_YokeFaceFuck): get
[12/18/2021 - 04:13:09AM] GetSetAnimation(DD_Billyy_Yoke69): get
[12/18/2021 - 04:13:09AM] GetSetAnimation(DD_Billyy_YokeRevCowgirlAnal): get
[12/18/2021 - 04:13:09AM] GetSetAnimation(DD_Billyy_YokeLayingAnal): get
[12/18/2021 - 04:13:09AM] GetSetAnimation(DD_B_PS_Doggy): get
[12/18/2021 - 04:13:09AM] GetSetAnimation(DD_B_PS_DoggyA): get
[12/18/2021 - 04:13:09AM] GetSetAnimation(DD_B_PS_DT): get
[12/18/2021 - 04:13:09AM] GetSetAnimation(DD_B_PS_Miss): get
[12/18/2021 - 04:16:46AM] Log closed
